Insert 0, 'q'
Replace 1, 'h'
Insert 4, 'm'
Replace 5, 'a'
Insert 7, 'l'
Replace 9, 'd'
Replace 10, 'f'
Replace 11, 'y'
Replace 12, 'r'
Replace 13, 'v'
Insert 15, 'c'
Replace 17, 'b'
Replace 18, 'x'
Replace 19, 'k'
Replace 20, 'n'
Replace 21, 'd'
Replace 22, 'x'
Replace 24, 'f'
Replace 25, 'z'
Replace 26, 's'
Replace 27, 't'
Replace 29, 'j'
Delete 31
Replace 31, 'r'
Replace 32, 'p'
Replace 33, 'g'
Replace 34, 'f'
Replace 35, 'r'
Replace 36, 'n'
Replace 37, 'v'
Replace 38, 's'
Replace 39, 'c'
Replace 40, 'y'
Replace 41, 'q'
Replace 42, 'z'
Replace 43, 'e'
Replace 44, 'i'
Replace 45, 'e'
Replace 47, 'm'
Insert 49, 'n'
Replace 51, 'k'
Replace 52, 'a'
Replace 53, 'v'
Replace 55, 'r'
Replace 56, 'n'
Insert 58, 'k'
Replace 60, 'f'
Replace 61, 't'
Replace 62, 's'
Replace 63, 'y'
Delete 66
Delete 66
Replace 66, 'a'
Replace 67, 'o'
Replace 68, 'x'
Replace 69, 'b'
Replace 71, 'o'
Delete 73
Replace 73, 'v'
Insert 76, 'b'
Replace 78, 'g'
Delete 80
Delete 80
Replace 80, 'o'
Replace 81, 'y'
Replace 84, 'j'
Replace 85, 'r'
Replace 86, 'p'
Replace 88, 'v'
Replace 89, 'y'
Insert 91, 'r'
Replace 92, 'n'
Replace 94, 'p'
Replace 95, 'z'
Replace 96, 'x'
Insert 98, 'j'
Insert 100, 'l'
Insert 102, 'o'
Replace 104, 'o'
Replace 106, 'l'
Replace 107, 'h'
Replace 109, 's'
Replace 110, 'b'
Replace 111, 'c'
Replace 112, 'k'
Replace 114, 'k'
Insert 116, 'a'
Replace 117, 'x'
Insert 119, 'k'
Insert 121, 'l'
Insert 123, 'j'
Insert 125, 'h'
Insert 127, 'i'
Replace 129, 's'
Replace 131, 'n'
Replace 132, 'f'
Replace 133, 'u'
Replace 134, 'z'
Replace 136, 'z'
Replace 137, 'a'
Replace 138, 'm'
Insert 140, 'm'
Replace 142, 'o'
Replace 144, 'k'
Replace 145, 'p'
Replace 146, 't'
Delete 148
Replace 148, 'e'
Replace 149, 'o'
Replace 150, 'f'
Replace 151, 'u'
Replace 153, 'c'
Replace 154, 'l'
Replace 155, 'i'
Replace 156, 'e'
Replace 158, 'o'
Replace 159, 'i'
Insert 162, 'z'
Replace 163, 'v'
Replace 165, 'm'
Replace 166, 's'
Replace 167, 'l'
Replace 168, 'n'
Replace 169, 'v'
Replace 170, 'u'
Insert 172, 'f'
Insert 174, 'a'
Replace 175, 'v'
Insert 177, 'z'
Replace 178, 'l'
Replace 179, 't'
Replace 180, 'k'
Replace 182, 'c'
Replace 183, 'l'
Replace 184, 'r'
Replace 186, 'e'
Replace 187, 'j'
Replace 188, 'd'
Replace 189, 'z'
Replace 190, 'o'
Insert 192, 'z'
Insert 194, 'n'
Replace 196, 'w'
Replace 197, 's'
Replace 198, 'j'
Replace 199, 'd'
Replace 200, 'c'
Replace 201, 'v'
Replace 202, 'h'
Replace 204, 'c'
Replace 205, 's'
Replace 206, 'l'
Replace 207, 'y'
Replace 209, 'g'
Replace 211, 'u'
Replace 212, 'x'
Replace 213, 'm'
Replace 214, 'o'
Delete 216
Delete 217
Replace 217, 's'
Replace 218, 'p'
Replace 219, 'h'
Replace 220, 'm'
Delete 222
Delete 222
Delete 223
Delete 223
Replace 223, 'o'
Replace 225, 'g'
Insert 227, 'g'
Insert 229, 'p'
Replace 231, 'n'
Replace 232, 'z'
Replace 233, 'e'
Replace 235, 'u'
Replace 237, 'z'
Replace 238, 'h'
Replace 239, 'j'
Replace 240, 'k'
Replace 241, 'g'
Replace 242, 'e'
Replace 243, 'g'
Replace 244, 'k'
Replace 245, 'q'
Replace 246, 'j'
Replace 247, 'n'
Replace 250, 'e'
Replace 251, 'q'
Replace 252, 'i'
Replace 253, 'p'
Insert 255, 's'
Replace 257, 'z'
Replace 259, 'a'
Replace 261, 'j'
Replace 262, 'h'
Replace 263, 'e'
Replace 264, 'b'
Replace 266, 'm'
Delete 268
Delete 268
Replace 268, 'z'
Replace 269, 'b'
Replace 271, 'w'
Replace 272, 'd'
Replace 273, 'u'
Replace 274, 'f'
Replace 275, 'k'
Replace 276, 's'
Replace 277, 'r'
Replace 278, 'r'
Replace 280, 'k'
Insert 282, 'q'
Insert 284, 'c'
Replace 286, 'z'
Replace 287, 'e'
Replace 288, 'h'
Replace 290, 'r'
Delete 292
Delete 292
Replace 292, 'i'
Replace 293, 'p'
Replace 295, 'o'
Replace 296, 'e'
Replace 297, 'd'
Replace 298, 'd'
Replace 299, 's'
Insert 301, 'r'
Insert 303, 'a'
Insert 305, 'y'
Replace 307, 'm'
Delete 310
Replace 310, 'q'
Delete 312
Replace 312, 'p'
Replace 313, 'p'
Delete 315
Delete 315
Replace 315, 'u'
Replace 316, 'c'
Replace 318, 'a'
Replace 319, 'u'
Replace 320, 'm'
Replace 321, 'e'
Replace 322, 't'
Replace 324, 'e'
Replace 326, 'p'
Replace 328, 'n'
Replace 329, 'm'
Replace 331, 'p'
Replace 332, 'e'
Replace 333, 't'
Insert 335, 'j'
Insert 337, 'p'
Insert 339, 'r'
Replace 340, 'o'
Insert 342, 'z'
Insert 344, 'q'
Replace 346, 'x'
Insert 348, 't'
Insert 349, 'b'
Insert 352, 'h'
Replace 353, 'w'
Replace 354, 'y'
Insert 356, 'c'
Replace 357, 'r'
Insert 359, 'b'
Replace 361, 'h'
Insert 363, 'o'
Replace 364, 'p'
Replace 365, 'w'
Replace 366, 'y'
Replace 367, 'h'
Replace 368, 'q'
Insert 370, 'h'
Replace 371, 'b'
Insert 373, 'f'
Replace 375, 'v'
Replace 376, 'n'
Replace 377, 'l'
Replace 378, 'z'
Replace 379, 'p'
Replace 381, 'o'
Replace 382, 'v'
Replace 383, 'i'
Insert 386, 'z'
Replace 387, 'z'
Replace 388, 's'
Insert 390, 'k'
Replace 391, 'u'
Replace 392, 'v'
Replace 394, 'b'
Replace 396, 'z'
Replace 397, 'z'
Replace 399, 'o'
Replace 400, 'k'
Replace 401, 'i'
Replace 402, 't'
Replace 403, 'e'
Replace 404, 'a'
Replace 405, 'm'
Replace 406, 'g'
Replace 407, 'n'
Replace 408, 'u'
Replace 411, 'p'
Insert 413, 'n'
Replace 414, 'w'
Replace 416, 'm'
Replace 418, 'x'
Replace 420, 's'
Replace 422, 'h'
Replace 424, 'q'
Replace 425, 'z'
Replace 426, 'd'
Insert 428, 't'
Insert 430, 'z'
Replace 432, 'c'
Replace 433, 't'
Replace 435, 'x'
Replace 436, 'g'
Replace 437, 's'
Replace 440, 'z'
Replace 441, 'r'
Replace 442, 'c'
Replace 443, 'v'
Replace 445, 'f'
Insert 447, 'm'
Insert 449, 'o'
Replace 451, 'o'
Insert 453, 'b'
Replace 455, 'z'
Replace 456, 'u'
Replace 457, 'l'
Replace 458, 'f'
Replace 460, 'm'
Replace 461, 'y'
Replace 462, 'z'
Replace 463, 'c'
Replace 465, 'i'
Replace 466, 'i'
Replace 467, 'k'
Insert 469, 'a'
Replace 470, 'x'
Replace 472, 'f'
Replace 473, 'b'
Replace 475, 'e'
Replace 476, 'u'
Replace 477, 'h'
Replace 478, 'i'
Replace 480, 't'
Insert 482, 'v'
Replace 483, 'r'
Insert 485, 'h'
Replace 487, 'c'
Insert 489, 'x'
Replace 491, 'b'
Replace 492, 'v'
Replace 494, 'c'
Replace 495, 'k'
Delete 497
Replace 497, 'c'
Replace 498, 'c'
Replace 499, 't'
Replace 500, 'g'
Replace 501, 'u'
Replace 503, 'j'
Delete 505
Replace 505, 't'
Replace 506, 'h'
Replace 507, 'r'
Delete 509
Replace 509, 'e'
Replace 510, 'w'
Replace 511, 'j'
Replace 512, 'j'
Replace 513, 'd'
Replace 514, 'g'
Replace 516, 'z'
Delete 518
Replace 518, 'u'
Replace 519, 'w'
Replace 520, 'i'
Replace 521, 'u'
Replace 523, 'i'
Replace 525, 'i'
Replace 526, 'f'
Replace 527, 'u'
Delete 529
Replace 529, 'v'
Replace 530, 'o'
Replace 532, 'q'
Replace 533, 'u'
Replace 534, 'h'
Replace 535, 'o'
Replace 536, 'n'
Replace 537, 'a'
Replace 539, 'm'
Replace 540, 'c'
Delete 542
Replace 542, 'f'
Replace 543, 'k'
Replace 544, 's'
Delete 546
Delete 546
Delete 546
Replace 546, 'b'
Replace 547, 'r'
Replace 548, 'a'
Replace 549, 'a'
Delete 551
Delete 551
Delete 551
Replace 551, 'r'
Replace 552, 'k'
Replace 553, 'z'
Replace 554, 'u'
Replace 555, 'z'
Replace 556, 'o'
Replace 558, 'u'
Replace 560, 'h'
Replace 562, 'z'
Replace 563, 'f'
Replace 564, 'z'
Replace 566, 'f'
Replace 567, 'q'
Delete 569
Delete 570
Delete 570
Replace 570, 'z'
Replace 571, 'k'
Replace 572, 'b'
Replace 573, 'm'
Delete 575
Replace 575, 'w'
Replace 576, 't'
Replace 578, 'd'
Replace 579, 'j'
Replace 581, 'p'
Replace 582, 'j'
Replace 583, 'r'
Replace 584, 's'
Replace 585, 'i'
Replace 587, 't'
Replace 588, 'p'
Delete 590
Replace 590, 'l'
Replace 591, 'f'
Replace 592, 'l'
Replace 593, 'i'
Replace 594, 'r'
Replace 595, 'y'
Replace 596, 'e'
Replace 597, 'n'
Delete 599
Delete 599
Delete 599
Replace 599, 'e'
Delete 601
Delete 601
Delete 601
Delete 601
Replace 601, 'n'
Delete 603
Replace 604, 'g'
Replace 605, 'u'
Replace 606, 'm'
Replace 607, 'h'
Replace 609, 'e'
Replace 610, 'k'
Replace 611, 'l'
Replace 612, 't'
Replace 613, 'w'
Replace 614, 's'
Replace 616, 'f'
Delete 618
Replace 620, 'q'
Replace 622, 'f'
Replace 623, 'w'
Replace 624, 'e'
Replace 625, 'f'
Replace 627, 'y'
Replace 629, 'm'
Replace 631, 'c'
Replace 632, 's'
Replace 633, 'k'
Replace 634, 'g'
Replace 637, 'k'
Delete 639
Replace 639, 'c'
Replace 642, 'm'
Replace 643, 'm'
Insert 645, 'u'
Insert 647, 'f'
Replace 648, 'q'
Replace 653, 'r'
Replace 654, 'n'
Replace 655, 'y'
Replace 657, 'q'
Replace 658, 'q'
Replace 659, 'y'
Insert 661, 'w'
Replace 662, 'y'
Insert 664, 'b'
Insert 666, 'a'
Insert 668, 'c'
Insert 670, 'k'
Replace 672, 'k'
Replace 673, 'k'
Replace 674, 'z'
Insert 676, 'v'
Insert 678, 'u'
Insert 680, 'p'
Replace 682, 'f'
Replace 684, 'b'
Replace 685, 's'
Replace 686, 'k'
Replace 687, 'g'
Replace 688, 'm'
Replace 689, 'v'
Insert 691, 'd'
Insert 693, 'p'
Insert 695, 'a'
Insert 697, 'v'
Insert 699, 'f'
Insert 701, 'r'
Insert 702, 'r'
Replace 704, 's'
Insert 706, 'k'
Replace 707, 't'
Insert 710, 'h'
Replace 712, 's'
Insert 714, 'g'
Replace 715, 'h'
Replace 717, 'z'
Replace 719, 'x'
Replace 721, 'm'
Replace 722, 'n'
Replace 723, 's'
Replace 724, 'z'
Replace 725, 'a'
Replace 727, 'k'
Replace 728, 'g'
Replace 730, 'c'
Insert 732, 'h'
Replace 733, 'r'
Replace 735, 'b'
Replace 737, 't'
Replace 738, 'd'
Insert 740, 'o'
Replace 742, 'g'
Replace 743, 'k'
Insert 745, 'f'
Replace 746, 'f'
Insert 748, 'g'
Replace 750, 'w'
Replace 751, 'q'
Replace 752, 'k'
Replace 754, 'w'
Replace 755, 'j'
Replace 756, 'z'
Insert 758, 'q'
Replace 759, 'e'
Replace 761, 'g'
Replace 763, 'p'
Replace 764, 'x'
Replace 766, 'v'
Replace 767, 'u'
Insert 769, 'a'
Insert 771, 'y'
Insert 773, 'n'
Replace 774, 'k'
Insert 776, 'n'
Replace 777, 'v'
Replace 779, 'l'
Replace 780, 's'
Replace 781, 'd'
Delete 783
Delete 783
Replace 783, 'r'
Replace 784, 'c'
Replace 785, 'f'
Replace 786, 'z'
Replace 788, 'x'
Replace 789, 'p'
Replace 790, 'j'
Replace 792, 'j'
Replace 793, 'w'
Replace 794, 'q'
Replace 795, 'q'
Replace 796, 'i'
Replace 797, 'v'
Replace 798, 'x'
Replace 799, 'v'
Replace 800, 'z'
Insert 802, 'y'
Replace 803, 'i'
Replace 804, 'g'
Replace 805, 'u'
Replace 806, 'l'
Replace 807, 'j'
Replace 809, 'h'
Replace 811, 'j'
Replace 812, 'c'
Replace 813, 't'
Replace 815, 'k'
Replace 816, 'f'
Replace 817, 'r'
Replace 819, 'j'
Replace 821, 'j'
Replace 822, 'h'
Replace 823, 's'
Replace 825, 'c'
Replace 826, 'y'
Replace 827, 'e'
Replace 828, 'm'
Delete 831
Replace 831, 'b'
Replace 832, 't'
Replace 834, 'x'
Replace 835, 'c'
Replace 836, 'w'
Replace 837, 's'
Replace 839, 'e'
Replace 840, 'e'
Replace 841, 'h'
Replace 842, 'r'
Replace 843, 'f'
Replace 844, 't'
Replace 845, 'j'
Replace 846, 'j'
Replace 847, 'o'
Replace 848, 'o'
Replace 849, 's'
Replace 850, 'l'
Replace 851, 'j'
Replace 852, 'h'
Replace 853, 'n'
Delete 856
Replace 856, 'h'
Replace 857, 'i'
Replace 859, 'o'
Replace 860, 'i'
Replace 862, 'p'
Replace 863, 't'
Replace 864, 'd'
Replace 865, 'a'
Replace 867, 'h'
Replace 869, 'e'
Replace 870, 'm'
Replace 871, 'p'
Replace 872, 'g'
Replace 874, 'z'
Insert 876, 't'
Replace 878, 'h'
Replace 879, 'u'
Replace 880, 'n'
Insert 882, 'h'
Insert 884, 'e'
Replace 885, 'g'
Replace 886, 'f'
Replace 887, 'k'
Replace 888, 's'
Replace 889, 't'
Insert 891, 'j'
Replace 892, 'a'
Insert 894, 'f'
Replace 896, 'a'
Replace 897, 'e'
Replace 898, 'l'
Replace 899, 'r'
Replace 900, 'h'
Replace 902, 'c'
Replace 903, 'y'
Replace 905, 'f'
Replace 906, 'v'
Replace 907, 'f'
Replace 908, 'y'
Replace 909, 'e'
Replace 910, 'f'
Replace 911, 'u'
Replace 912, 'v'
Replace 914, 'c'
Replace 916, 'u'
Insert 918, 'q'
Insert 921, 'd'
Insert 923, 'b'
Replace 924, 'g'
Replace 925, 'p'
Replace 926, 'o'
Replace 927, 'y'
Replace 928, 'o'
Replace 930, 'q'
Replace 931, 'b'
Delete 933
Replace 933, 'f'
Replace 934, 'm'
Replace 936, 'u'
Replace 937, 'g'
Replace 939, 'c'
Insert 941, 'h'
Replace 942, 'd'
Replace 943, 'm'
Replace 945, 'n'
Delete 947
Replace 947, 'a'
Delete 950
Replace 950, 'k'
Replace 951, 'j'
Replace 953, 'a'
Replace 954, 'l'
Replace 955, 'g'
Replace 957, 'z'
Replace 958, 'k'
Replace 959, 'z'
Replace 960, 'a'
Replace 961, 'e'
Replace 962, 'j'
Replace 963, 'm'
Replace 964, 'n'
Replace 966, 'r'
Replace 967, 'k'
Replace 968, 'y'
Replace 969, 'z'
Replace 970, 'i'
Replace 971, 'r'
Replace 972, 'n'
Replace 973, 'w'
Replace 974, 'x'
Delete 976
Replace 976, 'r'
Replace 977, 'u'
Replace 979, 'f'
Replace 980, 'l'
Replace 981, 's'
Replace 982, 'r'
Replace 983, 'w'
Replace 984, 't'
Insert 986, 'o'
Replace 988, 'v'
Replace 989, 'n'
Replace 990, 'h'
Replace 991, 'm'
Replace 993, 'o'
Replace 994, 'a'
Insert 996, 'm'
Replace 997, 'd'
Insert 999, 'f'
Insert 1000, 'v'
Replace 1002, 'c'
Replace 1004, 'u'
Replace 1005, 'c'
Replace 1006, 'd'
Insert 1009, 'x'
Replace 1011, 'y'
Replace 1013, 's'
Replace 1014, 't'
Delete 1016
Replace 1016, 'o'
Replace 1017, 'y'
Replace 1018, 'b'
Replace 1019, 't'
Replace 1020, 'n'
Replace 1021, 'j'
Delete 1023
Delete 1023
Replace 1023, 'g'
Replace 1025, 'm'
Replace 1026, 'b'
Replace 1027, 'c'
Replace 1028, 'v'
Replace 1029, 'c'
Replace 1030, 'q'
Replace 1031, 'h'
Replace 1032, 'y'
Replace 1034, 'z'
Replace 1035, 'r'
Replace 1036, 'b'
Replace 1037, 'g'
Replace 1038, 'm'
Replace 1040, 'r'
Replace 1041, 'c'
Replace 1042, 'o'
Replace 1043, 't'
Replace 1045, 'x'
Replace 1047, 'n'
Replace 1049, 'f'
Delete 1051
Delete 1051
Replace 1051, 'm'
Replace 1052, 'm'
Delete 1054
Replace 1054, 'w'
Delete 1056
Delete 1057
Delete 1058
Delete 1058
Replace 1058, 'h'
Replace 1059, 'b'
Replace 1060, 'j'
Delete 1062
Replace 1062, 's'
Replace 1063, 'q'
Replace 1064, 'g'
Replace 1065, 'p'
Replace 1067, 'e'
Replace 1068, 'o'
Delete 1070
Delete 1070
Replace 1070, 'l'
Replace 1071, 'f'
Replace 1073, 'c'
Replace 1075, 's'
Insert 1077, 'u'
Replace 1078, 'c'
Replace 1080, 'v'
Replace 1081, 'h'
Replace 1082, 's'
Replace 1083, 'p'
Insert 1085, 'u'
Replace 1087, 'i'
Insert 1089, 'n'
Replace 1091, 'x'
Replace 1093, 'j'
Replace 1095, 'p'
Replace 1097, 'f'
Replace 1098, 'k'
Insert 1100, 'n'
Replace 1102, 'e'
Replace 1103, 'j'
Replace 1104, 'y'
Replace 1105, 't'
Replace 1106, 'u'
Replace 1107, 'p'
Replace 1109, 'o'
Replace 1110, 'j'
Replace 1111, 'n'
Replace 1112, 'm'
Delete 1115
Delete 1115
Replace 1116, 't'
Replace 1117, 'm'
Replace 1119, 's'
Insert 1121, 'd'
Replace 1122, 'g'
Replace 1123, 'f'
Replace 1125, 'n'
Replace 1126, 'w'
Replace 1127, 'u'
Replace 1128, 'o'
Replace 1129, 'i'
Replace 1131, 's'
Replace 1132, 'h'
Replace 1133, 's'
Replace 1134, 'k'
Replace 1135, 'm'
Replace 1137, 's'
Insert 1139, 'm'
Replace 1141, 'n'
Replace 1142, 'n'
Replace 1143, 'f'
Replace 1145, 'w'
Replace 1146, 'b'
Delete 1148
Replace 1148, 'b'
Delete 1150
Delete 1150
Replace 1150, 'q'
Delete 1152
Delete 1152
Replace 1152, 'v'
Replace 1153, 'u'
Replace 1154, 'f'
Replace 1156, 'w'
Replace 1157, 't'
Replace 1159, 'z'
Replace 1160, 'j'
Delete 1162
Delete 1162
Delete 1162
Replace 1162, 't'
Delete 1164
Replace 1164, 'j'
Replace 1165, 'w'
Replace 1166, 'g'
Delete 1168
Replace 1168, 'y'
Replace 1169, 'o'
Delete 1171
Replace 1171, 'y'
Replace 1172, 'l'
Replace 1174, 'j'
Replace 1175, 'h'
Replace 1176, 'k'
Replace 1177, 'v'
Replace 1178, 'x'
Replace 1179, 'h'
Replace 1180, 'i'
Replace 1181, 'j'
Replace 1184, 'a'
Delete 1186
Replace 1186, 't'
Replace 1187, 'w'
Replace 1188, 'l'
Delete 1190
Delete 1190
Replace 1190, 'o'
Replace 1191, 'b'
Replace 1192, 'j'
Replace 1193, 'w'
Delete 1195
Replace 1195, 'y'
Replace 1196, 'j'
Replace 1198, 'h'
Replace 1199, 'm'
Replace 1200, 'j'
Replace 1201, 'v'
Replace 1203, 'l'
Replace 1204, 'z'
Insert 1206, 'z'
Insert 1208, 'b'
Replace 1210, 'u'
Replace 1211, 'j'
Replace 1212, 'x'
Replace 1213, 'v'
Replace 1214, 'f'
Replace 1215, 'c'
Replace 1217, 'w'
Replace 1218, 'a'
Insert 1220, 'n'
Replace 1223, 'o'
Insert 1225, 'v'
Insert 1227, 'b'
Replace 1229, 'k'
Replace 1230, 'c'
Replace 1231, 'v'
Replace 1232, 'h'
Replace 1233, 'f'
Replace 1234, 'e'
Replace 1235, 'i'
Replace 1236, 'm'
Insert 1238, 'd'
Replace 1239, 'v'
Replace 1240, 'g'
Insert 1242, 'j'
Replace 1243, 's'
Insert 1245, 'x'
Insert 1247, 'a'
Replace 1248, 'm'
Insert 1250, 'u'
Replace 1252, 'b'
Delete 1255
Delete 1255
Delete 1255
Delete 1255
Replace 1255, 'n'
Replace 1256, 'a'
Replace 1257, 'k'
Replace 1258, 'z'
Replace 1260, 't'
Replace 1262, 'f'
Replace 1263, 'e'
Insert 1265, 'd'
Insert 1267, 'u'
Replace 1268, 'k'
Replace 1271, 'j'
Delete 1273
Delete 1274
Delete 1274
Replace 1274, 'v'
Replace 1275, 'm'
Replace 1276, 'e'
Replace 1279, 'f'
Replace 1281, 'k'
Replace 1283, 'f'
Insert 1285, 'p'
Replace 1287, 's'
Replace 1288, 'y'
Replace 1289, 'l'
Replace 1290, 'f'
Replace 1291, 'j'
Replace 1292, 'e'
Replace 1293, 'y'
Replace 1295, 'o'
Replace 1296, 'a'
Replace 1297, 'p'
Replace 1298, 'm'
Replace 1300, 'w'
Replace 1301, 'g'
Replace 1302, 'n'
Insert 1304, 'a'
Replace 1306, 'q'
Replace 1307, 'a'
Replace 1309, 'g'
Replace 1311, 'l'
Replace 1313, 'd'
Replace 1315, 'h'
Replace 1316, 'l'
Replace 1317, 'v'
Replace 1318, 'e'
Replace 1319, 'f'
Replace 1321, 'v'
Replace 1322, 'e'
Replace 1323, 'i'
Replace 1324, 't'
Insert 1326, 't'
Insert 1328, 'k'
Insert 1330, 't'
Replace 1331, 'r'
Insert 1333, 'k'
Insert 1335, 'x'
Insert 1337, 'n'
Insert 1339, 'v'
Insert 1340, 'd'
Replace 1343, 'w'
Replace 1344, 'a'
Replace 1345, 'o'
Replace 1346, 'v'
Replace 1347, 'b'
Replace 1348, 'j'
Insert 1350, 'p'
Insert 1352, 'v'
Replace 1353, 'n'
Replace 1354, 'k'
Replace 1356, 'j'
Replace 1357, 'q'
Insert 1360, 'e'
Replace 1362, 'k'
Replace 1363, 'c'
Replace 1365, 'z'
Replace 1366, 'y'
Replace 1368, 'w'
Replace 1369, 'v'
Replace 1370, 'y'
Replace 1371, 'h'
Replace 1372, 'm'
Replace 1373, 't'
Replace 1374, 'o'
Replace 1375, 'p'
Replace 1376, 'b'
Replace 1378, 'y'
Replace 1379, 'd'
Replace 1380, 'w'
Replace 1381, 'o'
Delete 1383
Replace 1383, 'i'
Replace 1384, 'x'
Replace 1385, 'a'
Replace 1386, 'y'
Replace 1387, 'k'
Replace 1388, 'n'
Replace 1389, 't'
Replace 1390, 'x'
Replace 1391, 'u'
Replace 1393, 'r'
Replace 1395, 's'
Replace 1396, 'g'
Replace 1397, 'q'
Replace 1400, 'c'
Replace 1401, 'g'
Insert 1403, 'e'
Replace 1405, 'q'
Replace 1406, 'o'
Replace 1408, 'r'
Replace 1409, 'j'
Replace 1410, 'v'
Replace 1411, 'y'
Replace 1412, 'a'
Replace 1413, 'k'
Replace 1414, 'j'
Replace 1415, 'y'
Replace 1416, 'r'
Replace 1417, 'u'
Replace 1419, 'n'
Replace 1420, 'q'
Replace 1421, 'w'
Replace 1422, 'n'
Replace 1423, 'h'
Replace 1424, 'd'
Replace 1426, 'k'
Replace 1428, 'l'
Replace 1429, 'p'
Delete 1431
Replace 1431, 'm'
Replace 1432, 's'
Replace 1433, 'z'
Replace 1435, 'v'
Replace 1436, 'k'
Replace 1437, 'a'
Replace 1438, 'w'
Replace 1439, 'a'
Replace 1440, 'z'
Replace 1441, 'c'
Replace 1442, 'd'
Replace 1443, 'y'
Insert 1445, 'k'
Replace 1446, 'c'
Replace 1447, 'b'
Replace 1448, 't'
Insert 1450, 'v'
Replace 1452, 'x'
Replace 1453, 'x'
Replace 1454, 'j'
Replace 1455, 't'
Replace 1456, 't'
Replace 1458, 'h'
Replace 1459, 'z'
Replace 1460, 'y'
Replace 1461, 'g'
Replace 1462, 'k'
Replace 1463, 'c'
Replace 1465, 'e'
Insert 1467, 'a'
Insert 1469, 'q'
Replace 1471, 'd'
Replace 1472, 'p'
Insert 1474, 'w'
Replace 1476, 'i'
Replace 1477, 'y'
Replace 1478, 'b'
Replace 1480, 'r'
Replace 1481, 'g'
Replace 1482, 'p'
Replace 1483, 'j'
Delete 1485
Delete 1485
Replace 1485, 'z'
Replace 1487, 'v'
Replace 1488, 'd'
Replace 1489, 'b'
Replace 1490, 'u'
Replace 1491, 'k'
Replace 1493, 'm'
Replace 1494, 'z'
Replace 1495, 't'
Replace 1496, 'o'
Replace 1497, 'i'
Insert 1499, 'z'
Insert 1501, 'p'
Replace 1503, 'o'
Replace 1504, 'v'
Replace 1506, 'f'
Replace 1507, 's'
Replace 1508, 's'
Replace 1509, 'i'
Replace 1510, 'm'
Replace 1511, 'u'
Replace 1513, 'c'
Replace 1514, 'f'
Insert 1516, 'r'
Insert 1518, 't'
Insert 1520, 'k'
Insert 1522, 'e'
Insert 1524, 'b'
Replace 1525, 'o'
Replace 1527, 'e'
Replace 1528, 'a'
Replace 1529, 'k'
Replace 1531, 'c'
Replace 1532, 'u'
Replace 1533, 'm'
Replace 1534, 'r'
Replace 1535, 'p'
Replace 1536, 'q'
Replace 1537, 'x'
Replace 1538, 'y'
Replace 1540, 'x'
Replace 1541, 'w'
Replace 1542, 'b'
Replace 1543, 't'
Replace 1544, 'n'
Replace 1545, 'i'
Replace 1546, 'y'
Replace 1547, 'g'
Replace 1548, 'x'
Replace 1550, 'p'
Replace 1551, 'e'
Replace 1552, 'r'
Replace 1553, 'x'
Replace 1554, 'y'
Replace 1555, 'v'
Replace 1556, 'y'
Replace 1557, 't'
Replace 1559, 'c'
Replace 1560, 'y'
Replace 1561, 'f'
Replace 1562, 'a'
Replace 1563, 'j'
Replace 1564, 'y'
Delete 1567
Replace 1567, 'z'
Replace 1568, 'i'
Replace 1569, 't'
Delete 1571
Replace 1571, 't'
Replace 1572, 'o'
Replace 1573, 't'
Replace 1574, 'n'
Replace 1576, 'y'
Replace 1577, 'q'
Replace 1578, 'w'
Replace 1579, 'k'
Replace 1580, 'g'
Replace 1581, 'p'
Replace 1583, 'e'
Replace 1584, 'f'
Replace 1585, 't'
Replace 1587, 'w'
Replace 1589, 's'
Replace 1590, 'n'
Insert 1592, 'q'
Replace 1594, 'k'
Replace 1595, 'c'
Replace 1596, 'f'
Replace 1598, 's'
Replace 1599, 'f'
Replace 1601, 'v'
Replace 1602, 'm'
Replace 1603, 'o'
Insert 1605, 'p'
Insert 1606, 'f'
Insert 1607, 's'
Replace 1608, 'z'
Replace 1611, 'n'
Replace 1612, 'h'
Replace 1613, 'x'
Replace 1614, 'y'
Replace 1616, 'q'
Replace 1617, 'u'
Replace 1618, 'a'
Replace 1619, 'k'
Delete 1622
Delete 1622
Replace 1622, 't'
Replace 1623, 'o'
Replace 1624, 'x'
Replace 1625, 'j'
Replace 1626, 'e'
Replace 1627, 'p'
Replace 1628, 'e'
Replace 1629, 'w'
Delete 1631
Replace 1631, 'p'
Delete 1633
Delete 1634
Delete 1634
Replace 1634, 'g'
Replace 1636, 'e'
Replace 1637, 'u'
Replace 1638, 'e'
Replace 1640, 'm'
Replace 1641, 'n'
Replace 1642, 'c'
Replace 1643, 'b'
Replace 1644, 'q'
Replace 1646, 's'
Replace 1647, 'l'
Replace 1648, 'q'
Insert 1650, 'c'
Delete 1653
Delete 1653
Delete 1653
Delete 1653
Replace 1653, 'g'
Replace 1654, 'f'
Replace 1655, 's'
Replace 1656, 'k'
Replace 1657, 'l'
Replace 1658, 'd'
Replace 1659, 'b'
Replace 1660, 'q'
Replace 1662, 'v'
Replace 1663, 'w'
Replace 1664, 'b'
Replace 1665, 'z'
Replace 1666, 'r'
Replace 1668, 'g'
Replace 1669, 't'
Replace 1670, 'g'
Insert 1672, 'a'
Replace 1673, 'z'
Replace 1675, 'g'
Replace 1676, 'z'
Replace 1678, 'f'
Replace 1680, 'y'
Insert 1682, 'w'
Replace 1684, 'j'
Replace 1686, 'a'
Replace 1687, 'b'
Replace 1688, 'x'
Replace 1689, 'a'
Insert 1691, 'n'
Insert 1693, 'm'
Replace 1695, 'j'
Insert 1698, 'h'
Replace 1699, 'a'
Replace 1700, 'z'
Insert 1702, 'h'
Insert 1704, 'p'
Insert 1706, 'z'
Replace 1708, 'h'
Replace 1710, 'l'
Replace 1712, 'v'
Insert 1714, 'p'
Replace 1716, 'g'
Insert 1718, 'm'
Replace 1719, 'i'
Insert 1721, 'w'
Replace 1722, 'd'
Replace 1724, 'f'
Delete 1726
Replace 1726, 't'
Replace 1728, 'q'
Replace 1730, 'y'
Insert 1732, 'i'
Insert 1734, 'd'
Insert 1736, 'j'
Replace 1737, 'e'
Delete 1740
Delete 1740
Delete 1740
Delete 1740
Replace 1740, 'k'
Replace 1742, 'e'
Replace 1743, 'a'
Insert 1745, 'n'
Replace 1746, 'x'
Replace 1748, 'q'
Replace 1750, 'j'
Replace 1751, 'n'
Replace 1752, 'c'
Delete 1754
Replace 1754, 'u'
Replace 1755, 'd'
Replace 1757, 'c'
Replace 1758, 'w'
Insert 1760, 'x'
Insert 1762, 't'
Replace 1763, 'x'
Replace 1765, 'm'
Insert 1767, 'f'
Insert 1769, 'y'
Replace 1771, 'c'
Replace 1772, 'b'
Insert 1774, 's'
Insert 1776, 'f'
Insert 1778, 'u'
Replace 1779, 'q'
Insert 1781, 'k'
Replace 1783, 'n'
Insert 1785, 'e'
Insert 1787, 'b'
Replace 1789, 'j'
Replace 1791, 'j'
Replace 1792, 'i'
Replace 1793, 'g'
Replace 1794, 'i'
Replace 1795, 'l'
Insert 1797, 'p'
Replace 1798, 'x'
Replace 1800, 'l'
Replace 1801, 'd'
Replace 1802, 'e'
Replace 1803, 'e'
Replace 1804, 'l'
Replace 1806, 'v'
Replace 1807, 't'
Replace 1809, 'y'
Replace 1810, 't'
Replace 1811, 'l'
Insert 1813, 'b'
Replace 1815, 'q'
Replace 1816, 'z'
Replace 1819, 'n'
Replace 1820, 'y'
Replace 1821, 'r'
Insert 1823, 'a'
Replace 1825, 'm'
Replace 1826, 'y'
Replace 1827, 'j'
Replace 1828, 'x'
Replace 1829, 's'
Replace 1831, 'f'
Insert 1833, 'e'
Replace 1835, 'w'
Replace 1836, 'g'
Delete 1838
Delete 1838
Replace 1838, 'q'
Replace 1840, 'c'
Insert 1842, 'l'
Insert 1844, 'q'
Insert 1846, 'v'
Replace 1848, 'i'
Replace 1849, 'y'
Replace 1850, 'k'
Replace 1851, 'o'
Replace 1852, 'l'
Replace 1853, 'z'
Replace 1854, 'm'
Replace 1855, 'z'
Insert 1857, 't'
Replace 1859, 'p'
Delete 1861
Delete 1861
Replace 1861, 'd'
Replace 1862, 'l'
Replace 1863, 'h'
Replace 1865, 'i'
Replace 1866, 's'
Replace 1867, 'a'
Replace 1868, 'n'
Replace 1870, 'r'
Replace 1871, 'm'
Replace 1872, 'o'
Replace 1873, 'p'
Replace 1875, 't'
Replace 1876, 'l'
Insert 1878, 'y'
Replace 1879, 's'
Insert 1882, 'a'
Insert 1884, 's'
Replace 1885, 'b'
Replace 1887, 'x'
Replace 1888, 'l'
Replace 1889, 'v'
Replace 1890, 'd'
Replace 1891, 'e'
Replace 1892, 'k'
Insert 1894, 'i'
Replace 1895, 'a'
Replace 1896, 'y'
Replace 1898, 'e'
Replace 1899, 'p'
Replace 1900, 'v'
Replace 1901, 'b'
Insert 1903, 'c'
Replace 1905, 'g'
Delete 1907
Delete 1907
Delete 1907
Replace 1908, 'b'
Replace 1909, 'y'
Replace 1910, 'b'
Replace 1911, 'x'
Replace 1912, 'i'
Replace 1913, 'p'
Replace 1914, 'w'
Replace 1915, 'i'
Replace 1916, 'i'
Insert 1918, 'x'
Replace 1920, 'p'
Insert 1922, 'q'
Replace 1924, 'w'
Replace 1925, 'a'
Replace 1926, 'j'
Delete 1928
Replace 1928, 'q'
Replace 1929, 'p'
Replace 1932, 'u'
Delete 1934
Delete 1934
Replace 1934, 'm'
Replace 1935, 'g'
Replace 1936, 'p'
Replace 1937, 'l'
Delete 1939
Delete 1939
Delete 1939
Replace 1939, 'a'
Replace 1940, 'i'
Delete 1942
Replace 1942, 'l'
Replace 1943, 's'
Replace 1944, 'l'
Replace 1946, 'h'
Replace 1948, 'j'
Replace 1949, 'r'
Insert 1951, 'b'
Replace 1953, 'm'
Replace 1954, 'h'
Replace 1956, 'h'
Replace 1957, 'c'
Replace 1958, 't'
Replace 1959, 'f'
Insert 1961, 'b'
Replace 1963, 'y'
Insert 1965, 'v'
Replace 1966, 'p'
Replace 1967, 'y'
Replace 1969, 't'
Replace 1970, 'b'
Delete 1973
Delete 1973
Delete 1973
Delete 1974
Delete 1974
Delete 1974
Delete 1974
Replace 1974, 'e'
Replace 1975, 'h'
Insert 1978, 'r'
Replace 1980, 's'
Replace 1982, 'z'
Replace 1983, 'e'
Replace 1985, 'q'
Replace 1986, 'x'
Replace 1988, 'r'
Delete 1990
Delete 1990
Replace 1990, 'e'
Replace 1992, 'a'
Replace 1993, 'q'
Replace 1994, 'q'
Replace 1995, 'b'
Replace 1997, 'c'
Replace 1998, 'j'
Replace 2000, 'b'
Replace 2001, 'l'
Delete 2003
Replace 2004, 's'
Replace 2005, 'n'
Replace 2006, 'l'
Replace 2007, 'z'
Replace 2008, 'i'
Insert 2010, 'w'
Replace 2012, 'z'
Delete 2014
Delete 2014
Replace 2014, 'w'
Replace 2015, 'r'
Replace 2016, 'x'
Replace 2018, 't'
Replace 2019, 'z'
Replace 2020, 'd'
Replace 2021, 'p'
Replace 2023, 'u'
Replace 2025, 'k'
Replace 2026, 'z'
Replace 2027, 'w'
Insert 2029, 's'
Replace 2030, 'd'
Insert 2032, 'e'
Insert 2034, 'd'
Insert 2036, 'p'
Replace 2037, 'b'
Delete 2040
Replace 2040, 'p'
Delete 2042
Replace 2042, 'y'
Replace 2044, 'r'
Replace 2045, 'v'
Replace 2046, 't'
Replace 2047, 'f'
Replace 2048, 'v'
Insert 2050, 'e'
Replace 2051, 'k'
Replace 2052, 'm'
Replace 2053, 'u'
Replace 2054, 'r'
Replace 2057, 'a'
Replace 2059, 't'
Replace 2060, 'u'
Replace 2061, 'c'
Replace 2062, 'n'
Replace 2063, 'v'
Replace 2064, 'm'
Replace 2065, 't'
Replace 2066, 'r'
Replace 2067, 's'
Replace 2068, 'c'
Replace 2069, 'g'
Replace 2071, 'l'
Replace 2072, 'x'
Replace 2073, 'b'
Replace 2074, 'g'
Replace 2075, 'y'
Replace 2076, 'u'
Delete 2078
Replace 2078, 'c'
Replace 2079, 'f'
Replace 2080, 'a'
Delete 2082
Delete 2082
Replace 2082, 'h'
Replace 2083, 'x'
Replace 2085, 'r'
Replace 2086, 'x'
Delete 2088
Replace 2088, 'z'
Replace 2089, 'm'
Replace 2090, 'r'
Delete 2092
Replace 2092, 'i'
Delete 2094
Delete 2094
Delete 2094
Delete 2094
Replace 2094, 'i'
Replace 2095, 'j'
Replace 2096, 'a'
Replace 2097, 'f'
Replace 2099, 'f'
Replace 2100, 'm'
Replace 2101, 'm'
Replace 2102, 'p'
Replace 2103, 'r'
Replace 2104, 'u'
Delete 2106
Replace 2106, 'l'
Replace 2107, 's'
Replace 2108, 'i'
Replace 2109, 'z'
Replace 2110, 's'
Replace 2112, 'e'
Delete 2114
Delete 2114
Delete 2114
Delete 2115
Replace 2115, 'w'
Replace 2116, 'x'
Replace 2117, 'b'
Replace 2118, 'l'
Replace 2120, 'r'
Delete 2122
Delete 2122
Delete 2122
Delete 2122
Replace 2123, 'm'
Replace 2125, 'n'
Replace 2126, 'y'
Replace 2127, 't'
Replace 2128, 'j'
Insert 2130, 'w'
Replace 2131, 'x'
Replace 2132, 's'
Insert 2134, 'x'
Replace 2136, 'o'
Replace 2138, 'y'
Insert 2140, 'n'
Replace 2141, 'u'
Insert 2143, 'r'
Insert 2145, 'y'
Replace 2147, 'y'
Replace 2148, 'c'
Replace 2149, 'j'
Replace 2150, 'z'
Replace 2151, 'o'
Replace 2152, 's'
Replace 2153, 'l'
Replace 2154, 'j'
Insert 2156, 'r'
Replace 2158, 'b'
Delete 2161
Replace 2161, 'p'
Replace 2163, 'w'
Replace 2164, 'a'
Replace 2165, 'g'
Replace 2166, 's'
Replace 2167, 'q'
Replace 2168, 'z'
Replace 2169, 's'
Replace 2170, 'l'
Replace 2171, 'g'
Replace 2173, 'n'
Replace 2174, 'o'
Replace 2175, 'x'
Replace 2176, 'n'
Replace 2177, 'a'
Replace 2179, 'z'
Replace 2181, 'h'
Replace 2182, 'u'
Replace 2183, 'a'
Insert 2185, 'n'
Replace 2186, 'q'
Replace 2188, 'v'
Replace 2189, 'o'
Replace 2190, 'n'
Replace 2191, 'q'
Insert 2193, 'j'
Insert 2195, 'h'
Replace 2197, 'd'
Replace 2198, 'v'
Delete 2200
Replace 2200, 'f'
Replace 2202, 's'
Replace 2204, 't'
Replace 2206, 'z'
Replace 2207, 'o'
Replace 2208, 'd'
Replace 2211, 's'
Replace 2212, 'b'
Replace 2213, 'u'
Replace 2214, 'o'
Replace 2215, 'q'
Replace 2217, 'k'
Replace 2218, 't'
Replace 2220, 'g'
Replace 2221, 'j'
Replace 2222, 'w'
Replace 2223, 'w'
Replace 2224, 'z'
Replace 2225, 'b'
Replace 2227, 's'
Replace 2228, 'h'
Insert 2230, 'y'
Replace 2231, 'e'
Replace 2233, 'g'
Insert 2235, 'w'
Replace 2236, 'e'
Replace 2238, 'u'
Replace 2239, 'm'
Insert 2241, 's'
Replace 2242, 'o'
Replace 2243, 'r'
Replace 2244, 'c'
Replace 2245, 't'
Replace 2246, 'm'
Replace 2247, 'j'
Replace 2250, 'x'
Replace 2251, 's'
Replace 2252, 's'
Replace 2253, 'f'
Insert 2255, 'h'
Replace 2256, 'y'
Replace 2257, 'y'
Replace 2260, 'h'
Delete 2262
Replace 2262, 'j'
Replace 2263, 'o'
Delete 2265
Delete 2265
Replace 2265, 'h'
Replace 2266, 'p'
Delete 2268
Delete 2268
Replace 2268, 's'
Delete 2270
Replace 2270, 'i'
Replace 2271, 'r'
Replace 2272, 'g'
Replace 2273, 'u'
Replace 2275, 'm'
Replace 2276, 'c'
Replace 2278, 'r'
Delete 2280
Replace 2280, 'f'
Replace 2281, 'b'
Replace 2282, 'p'
Insert 2285, 'k'
Replace 2286, 'r'
Replace 2287, 'w'
Replace 2288, 'u'
Replace 2289, 'y'
Replace 2291, 'r'
Replace 2293, 'q'
Replace 2294, 'j'
Replace 2295, 'h'
Delete 2297
Replace 2297, 'f'
Delete 2299
Delete 2299
Replace 2299, 'v'
Replace 2300, 'd'
Replace 2301, 'o'
Replace 2302, 'x'
Replace 2303, 'g'
Replace 2304, 'l'
Delete 2306
Delete 2306
Delete 2306
Replace 2306, 'y'
Replace 2307, 'c'
Replace 2308, 'r'
Replace 2309, 'g'
Replace 2311, 'l'
Replace 2313, 'u'
Replace 2314, 'k'
Replace 2315, 'o'
Replace 2316, 'e'
Replace 2317, 'j'
Replace 2318, 'i'
Delete 2321
Delete 2321
Replace 2321, 'w'
Replace 2323, 'q'
Replace 2325, 'l'
Insert 2327, 'i'
Replace 2328, 'r'
Insert 2330, 'v'
Replace 2332, 'z'
Replace 2333, 't'
Replace 2334, 'x'
Replace 2335, 'h'
Replace 2336, 'l'
Insert 2338, 'r'
Insert 2340, 'i'
Replace 2342, 'g'
Delete 2344
Delete 2345
Replace 2345, 'q'
Replace 2346, 'o'
Replace 2348, 'z'
Insert 2350, 'b'
Replace 2352, 'd'
Replace 2353, 'e'
Replace 2355, 's'
Replace 2356, 'b'
Delete 2358
Replace 2358, 'f'
Replace 2359, 'y'
Replace 2361, 'x'
Delete 2363
Replace 2364, 'l'
Insert 2367, 'g'
Insert 2369, 'm'
Replace 2371, 'b'
Replace 2372, 'p'
Replace 2373, 'b'
Replace 2374, 'c'
Replace 2375, 'l'
Replace 2376, 'l'
Replace 2377, 'y'
Replace 2379, 'y'
Replace 2380, 'g'
Replace 2381, 'v'
Replace 2382, 'g'
Replace 2383, 'r'
Replace 2385, 'a'
Replace 2386, 'm'
Replace 2387, 'm'
Replace 2388, 'y'
Delete 2391
Replace 2391, 'g'
Replace 2392, 'i'
Replace 2394, 'p'
Replace 2395, 'x'
Replace 2397, 't'
Replace 2399, 'p'
Replace 2400, 'm'
Delete 2402
Replace 2403, 'w'
Replace 2404, 'v'
Replace 2405, 't'
Delete 2407
Delete 2407
Replace 2407, 'g'
Replace 2408, 'i'
Replace 2409, 'f'
Replace 2410, 'k'
Replace 2411, 'h'
Replace 2412, 'k'
Replace 2413, 'r'
Replace 2414, 'w'
Replace 2415, 't'
Replace 2416, 'm'
Delete 2418
Replace 2418, 'c'
Replace 2419, 'k'
Replace 2420, 'u'
Replace 2421, 'v'
Replace 2423, 'q'
Insert 2425, 't'
Replace 2426, 's'
Insert 2428, 'm'
Replace 2430, 'q'
Replace 2431, 'k'
Delete 2434
Replace 2435, 'c'
Insert 2437, 'v'
Insert 2438, 'r'
Replace 2439, 'a'
Replace 2442, 'd'
Delete 2444
Replace 2444, 'x'
Replace 2445, 'x'
Replace 2446, 'm'
Replace 2448, 'h'
Replace 2449, 'd'
Replace 2450, 't'
Replace 2451, 's'
Delete 2453
Replace 2453, 't'
Replace 2454, 'n'
Delete 2456
Replace 2458, 'c'
Insert 2460, 'f'
Replace 2461, 'm'
Replace 2462, 'h'
Insert 2464, 'v'
Replace 2466, 'i'
Insert 2468, 'g'
Replace 2470, 'j'
Delete 2472
Replace 2472, 'u'
Replace 2473, 'c'
Replace 2475, 'a'
Replace 2476, 'z'
Replace 2477, 'm'
Replace 2479, 'j'
Replace 2480, 'v'
Replace 2481, 'p'
Replace 2483, 'w'
Insert 2485, 'b'
Replace 2486, 'j'
Replace 2487, 'h'
Replace 2489, 'u'
Replace 2491, 'e'
Delete 2493
Delete 2493
Replace 2493, 'p'
Replace 2494, 'b'
Replace 2495, 'y'
Replace 2496, 'h'
Replace 2497, 't'
Delete 2499
Delete 2499
Replace 2499, 'w'
Delete 2501
Delete 2501
Replace 2501, 'j'
Replace 2502, 'r'
Replace 2503, 'h'
Replace 2504, 'q'
Replace 2505, 'r'
Replace 2506, 'e'
Replace 2507, 'z'
Replace 2509, 'o'
Replace 2510, 'm'
Replace 2511, 'b'
Replace 2513, 'a'
Replace 2514, 'r'
Replace 2515, 'b'
Replace 2516, 'd'
Replace 2518, 'o'
Replace 2519, 'x'
Replace 2521, 'u'
Replace 2522, 'z'
Replace 2523, 'o'
Replace 2525, 'u'
Replace 2526, 'x'
Replace 2527, 'h'
Replace 2528, 'i'
Replace 2529, 'u'
Replace 2530, 'x'
Replace 2531, 'o'
Replace 2533, 'r'
Insert 2535, 'q'
Insert 2537, 'c'
Insert 2539, 'l'
Replace 2541, 'i'
Replace 2542, 'o'
Replace 2543, 'i'
Insert 2545, 's'
Insert 2547, 'q'
Replace 2548, 'z'
Replace 2550, 'm'
Replace 2551, 'i'
Replace 2552, 'w'
Delete 2554
Delete 2555
Replace 2555, 't'
Replace 2556, 'g'
Replace 2557, 'y'
Replace 2558, 'f'
Replace 2559, 'y'
Replace 2560, 'l'
Replace 2561, 'w'
Replace 2562, 'r'
Replace 2563, 'q'
Replace 2565, 'u'
Replace 2566, 'x'
Delete 2568
Replace 2568, 'f'
Delete 2570
Delete 2570
Delete 2570
Insert 2572, 'y'
Insert 2575, 'd'
Delete 2578
Replace 2578, 'b'
Replace 2579, 'u'
Replace 2580, 'e'
Replace 2581, 'a'
Replace 2582, 'p'
Delete 2584
Delete 2584
Delete 2584
Delete 2585
Delete 2585
Replace 2585, 'a'
Replace 2586, 'p'
Replace 2588, 'j'
Replace 2590, 'g'
Delete 2593
Delete 2593
Replace 2593, 'p'
Delete 2595
Delete 2595
Replace 2595, 'r'
Replace 2596, 'v'
Replace 2597, 'v'
Replace 2598, 'f'
Replace 2599, 'y'
Replace 2600, 'b'
Replace 2602, 'd'
Replace 2603, 'z'
Replace 2604, 'w'
Replace 2605, 'u'
Delete 2607
Delete 2607
Replace 2607, 'q'
Replace 2608, 'y'
Replace 2610, 'c'
Insert 2612, 'p'
Replace 2614, 'o'
Replace 2615, 'b'
Replace 2616, 'd'
Insert 2618, 'l'
Replace 2619, 'u'
Replace 2620, 'r'
Insert 2622, 'y'
Replace 2624, 'z'
Replace 2625, 'r'
Replace 2626, 'm'
Replace 2627, 'w'
Replace 2628, 'o'
Replace 2629, 'k'
Replace 2630, 'i'
Replace 2633, 'g'
Insert 2635, 'i'
Replace 2638, 'k'
Replace 2639, 't'
Replace 2640, 'z'
Delete 2642
Delete 2642
Replace 2643, 'b'
Insert 2645, 't'
Replace 2646, 'y'
Replace 2647, 'y'
Replace 2649, 'v'
Replace 2650, 'l'
Replace 2651, 'h'
Replace 2652, 'i'
Replace 2654, 'z'
Replace 2655, 'd'
Replace 2656, 'q'
Replace 2657, 'r'
Replace 2658, 'u'
Replace 2660, 'w'
Replace 2661, 'c'
Replace 2662, 'z'
Replace 2663, 'o'
Replace 2665, 'v'
Replace 2667, 'b'
Replace 2669, 'p'
Replace 2670, 'f'
Replace 2671, 'g'
Replace 2672, 'j'
Insert 2674, 'r'
Replace 2676, 'n'
Replace 2678, 's'
Insert 2680, 'j'
Replace 2681, 'd'
Replace 2683, 'r'
Replace 2684, 'q'
Replace 2686, 'v'
Replace 2687, 'p'
Replace 2688, 'a'
Replace 2689, 'z'
Replace 2690, 'j'
Replace 2691, 'q'
Insert 2694, 'l'
Replace 2696, 'z'
Insert 2698, 's'
Delete 2701
Replace 2701, 'n'
Replace 2702, 'o'
Replace 2704, 'p'
Replace 2706, 'x'
Replace 2707, 'v'
Replace 2708, 'w'
Replace 2710, 'h'
Insert 2712, 'v'
Insert 2714, 'b'
Replace 2716, 'q'
Replace 2717, 'f'
Delete 2720
Delete 2720
Replace 2720, 'e'
Replace 2721, 'l'
Replace 2722, 'j'
Delete 2724
Replace 2724, 'e'
Replace 2725, 'b'
Replace 2726, 's'
Replace 2728, 'z'
Delete 2730
Delete 2730
Replace 2730, 'k'
Replace 2732, 'o'
Replace 2733, 'g'
Replace 2734, 'u'
Replace 2735, 's'
Replace 2737, 'z'
Replace 2738, 'w'
Replace 2739, 'u'
Replace 2741, 'u'
Replace 2743, 'i'
Replace 2744, 'o'
Delete 2746
Delete 2746
Replace 2747, 'l'
Replace 2748, 'w'
Replace 2749, 'c'
Replace 2750, 't'
Delete 2752
Replace 2752, 'x'
Replace 2754, 'm'
Replace 2756, 'a'
Replace 2757, 'l'
Replace 2758, 'w'
Replace 2759, 'j'
Replace 2761, 'o'
Replace 2762, 't'
Insert 2764, 'x'
Insert 2766, 'w'
Insert 2768, 'h'
Replace 2770, 'b'
Insert 2772, 'p'
Insert 2774, 'c'
Replace 2776, 'e'
Replace 2777, 'w'
Replace 2778, 's'
Replace 2779, 'e'
Replace 2780, 'i'
Insert 2782, 'u'
Insert 2784, 'p'
Replace 2786, 'g'
Insert 2788, 'g'
Replace 2790, 'i'
Insert 2792, 'd'
Replace 2793, 'i'
Insert 2795, 'k'
Insert 2797, 'i'
Insert 2798, 's'
Insert 2799, 'a'
Replace 2801, 'q'
Replace 2803, 'v'
Replace 2805, 't'
Replace 2806, 'r'
Replace 2807, 'x'
Replace 2808, 'f'
Replace 2809, 'l'
Replace 2810, 'w'
Replace 2811, 'b'
Replace 2812, 'a'
Delete 2814
Delete 2815
Delete 2815
Delete 2815
Replace 2815, 'a'
Replace 2816, 'f'
Replace 2817, 'j'
Replace 2818, 'b'
Replace 2820, 'x'
Replace 2821, 'r'
Replace 2822, 't'
Replace 2823, 'q'
Replace 2824, 'a'
Replace 2825, 'k'
Replace 2827, 'c'
Replace 2829, 'c'
Insert 2831, 'm'
Replace 2832, 'n'
Replace 2834, 'd'
Insert 2836, 'z'
Replace 2838, 'e'
Insert 2840, 'p'
Insert 2842, 'y'
Replace 2843, 'b'
Insert 2845, 'o'
Insert 2847, 'q'
Replace 2849, 'n'
Replace 2850, 'h'
Replace 2851, 'c'
Replace 2852, 'm'
Replace 2853, 'y'
Replace 2854, 'q'
Replace 2855, 'a'
Insert 2857, 'n'
Replace 2858, 'h'
Insert 2860, 'o'
Insert 2862, 'i'
Insert 2864, 'v'
Replace 2865, 'a'
Replace 2866, 'g'
Replace 2868, 'j'
Replace 2869, 's'
Replace 2870, 'o'
Replace 2871, 'g'
Replace 2874, 'j'
Replace 2875, 'n'
Delete 2877
Delete 2877
Delete 2877
Replace 2877, 'c'
Replace 2878, 'c'
Replace 2879, 't'
Replace 2880, 'h'
Replace 2881, 'a'
Replace 2882, 'n'
Replace 2884, 'x'
Replace 2886, 'k'
Replace 2887, 'w'
Replace 2888, 'h'
Replace 2889, 't'
Replace 2890, 'u'
Replace 2891, 'g'
Replace 2892, 'g'
Replace 2893, 'x'
Replace 2894, 'm'
Replace 2895, 'i'
Replace 2897, 't'
Replace 2899, 'a'
Insert 2901, 'r'
Replace 2903, 'b'
Replace 2905, 'm'
Insert 2907, 'g'
Insert 2909, 'd'
Replace 2911, 'k'
Replace 2912, 'z'
Replace 2913, 'j'
Replace 2915, 'h'
Delete 2917
Replace 2918, 'm'
Replace 2919, 'a'
Replace 2921, 'h'
Replace 2922, 'o'
Insert 2924, 'k'
Insert 2926, 'w'
Replace 2930, 'i'
Replace 2931, 'p'
Replace 2932, 'e'
Replace 2933, 'a'
Replace 2934, 'x'
Delete 2936
Replace 2936, 'k'
Delete 2939
Delete 2939
Replace 2939, 'v'
Replace 2940, 'w'
Replace 2941, 'z'
Replace 2943, 'd'
Replace 2944, 'q'
Replace 2946, 't'
Replace 2947, 'c'
Delete 2949
Delete 2949
Delete 2949
Replace 2949, 'm'
Replace 2950, 'k'
Replace 2951, 's'
Replace 2952, 'p'
Replace 2953, 'o'
Replace 2955, 'x'
Replace 2956, 'f'
Replace 2958, 'h'
Delete 2960
Delete 2960
Replace 2960, 'r'
Replace 2961, 't'
Replace 2963, 's'
Replace 2964, 'e'
Replace 2965, 'y'
Replace 2966, 'x'
Replace 2968, 'k'
Delete 2970
Delete 2970
Replace 2970, 's'
Replace 2972, 'g'
Replace 2973, 'v'
Replace 2974, 'f'
Replace 2976, 'z'
Delete 2978
Delete 2979
Replace 2979, 'v'
Replace 2980, 's'
Replace 2981, 'o'
Replace 2982, 't'
Replace 2983, 'z'
Replace 2984, 'c'
Replace 2985, 'q'
Replace 2986, 'h'
Replace 2988, 'a'
Replace 2989, 'y'
Replace 2991, 'w'
Replace 2993, 'm'
Replace 2994, 'l'
Delete 2996
Delete 2996
Replace 2996, 'm'
Replace 2998, 'x'
Replace 3000, 'o'
Replace 3001, 'f'
Replace 3002, 'f'
Delete 3004
Replace 3004, 'y'
Replace 3006, 'j'
Replace 3007, 'h'
Replace 3008, 'q'
Replace 3009, 'u'
Replace 3010, 'd'
Replace 3011, 't'
Replace 3012, 'a'
Replace 3014, 'z'
Replace 3015, 't'
Replace 3016, 'j'
Insert 3018, 'e'
Replace 3019, 'm'
Insert 3022, 'q'
Replace 3024, 'c'
Replace 3025, 'i'
Replace 3026, 'b'
Replace 3027, 'k'
Delete 3029
Replace 3029, 'e'
Replace 3030, 'i'
Replace 3032, 'n'
Replace 3033, 'j'
Replace 3034, 'p'
Insert 3036, 'q'
Replace 3038, 'b'
Replace 3039, 'h'
Replace 3040, 'm'
Replace 3041, 'y'
Replace 3042, 'c'
Replace 3043, 'a'
Replace 3045, 't'
Replace 3046, 'd'
Replace 3048, 'o'
Replace 3049, 't'
Replace 3050, 'f'
Insert 3052, 'x'
Insert 3054, 'd'
Replace 3056, 'l'
Replace 3057, 'b'
Replace 3058, 'p'
Replace 3059, 'h'
Insert 3061, 'y'
Insert 3063, 'z'
Replace 3067, 'c'
Insert 3069, 'h'
Insert 3071, 'q'
Replace 3072, 'z'
Replace 3074, 'h'
Replace 3075, 'b'
Replace 3076, 'r'
Insert 3078, 'l'
Insert 3080, 't'
Replace 3081, 'h'
Replace 3083, 'n'
Replace 3084, 'y'
Replace 3085, 'p'
Replace 3086, 'n'
Replace 3088, 'w'
Replace 3089, 'p'
Replace 3090, 'y'
Replace 3091, 'w'
Replace 3093, 'u'
Replace 3094, 'b'
Replace 3095, 'c'
Replace 3096, 'm'
Delete 3098
Delete 3098
Replace 3098, 'h'
Replace 3099, 'o'
Replace 3100, 'm'
Replace 3102, 'k'
Replace 3103, 'x'
Replace 3104, 'm'
Replace 3105, 'e'
Replace 3106, 'w'
Replace 3107, 'j'
Replace 3108, 'o'
Replace 3109, 'q'
Replace 3110, 'k'
Replace 3111, 'm'
Replace 3113, 'o'
Delete 3115
Delete 3115
Replace 3115, 'p'
Delete 3117
Delete 3117
Delete 3118
Replace 3118, 'y'
Delete 3120
Replace 3120, 'w'
Replace 3121, 'o'
Replace 3122, 't'
Replace 3124, 'z'
Delete 3127
Replace 3127, 'k'
Replace 3129, 'e'
Insert 3131, 'r'
Replace 3133, 'n'
Replace 3134, 'r'
Replace 3135, 's'
Replace 3136, 'y'
Replace 3137, 'n'
Replace 3139, 'i'
Replace 3140, 'l'
Replace 3141, 'n'
Replace 3142, 's'
Delete 3144
Replace 3144, 'm'
Replace 3145, 'a'
Replace 3146, 'h'
Replace 3147, 'd'
Replace 3148, 'v'
Replace 3150, 'k'
Replace 3151, 'e'
Replace 3152, 'i'
Replace 3154, 'm'
Delete 3156
Replace 3156, 'i'
Replace 3157, 'z'
Replace 3158, 'u'
Replace 3159, 'x'
Replace 3160, 'd'
Replace 3162, 'z'
Replace 3164, 'e'
Replace 3165, 'v'
Replace 3166, 'w'
Replace 3167, 'v'
Delete 3169
Replace 3169, 'v'
Replace 3170, 'l'
Replace 3171, 'a'
Replace 3172, 'u'
Replace 3173, 'm'
Replace 3174, 'r'
Replace 3176, 'd'
Replace 3179, 'f'
Insert 3181, 't'
Replace 3183, 'g'
Replace 3184, 'e'
Replace 3185, 'a'
Replace 3186, 's'
Replace 3187, 'j'
Replace 3188, 'x'
Replace 3189, 'k'
Replace 3191, 'l'
Replace 3193, 'q'
Insert 3195, 't'
Replace 3196, 'e'
Replace 3198, 'l'
Replace 3199, 'h'
Replace 3200, 'b'
Replace 3202, 'd'
Delete 3204
Delete 3204
Replace 3204, 'v'
Replace 3206, 'z'
Replace 3207, 'm'
Replace 3209, 'o'
Replace 3210, 'h'
Replace 3211, 's'
Insert 3213, 'k'
Insert 3215, 'x'
Replace 3216, 'a'
Replace 3218, 't'
Replace 3219, 'a'
Replace 3220, 'r'
Insert 3222, 'p'
Insert 3225, 'u'
Insert 3227, 'a'
Replace 3229, 'a'
Replace 3230, 'z'
Insert 3232, 'w'
Replace 3233, 'y'
Replace 3235, 'm'
Replace 3237, 'a'
Insert 3239, 'j'
Replace 3241, 'p'
Replace 3242, 'v'
Insert 3245, 'd'
Insert 3247, 'm'
Insert 3249, 'p'
Replace 3250, 'n'
Replace 3251, 'q'
Replace 3253, 'o'
Replace 3255, 'i'
Replace 3256, 'u'
Replace 3257, 'c'
Insert 3259, 'd'
Replace 3261, 'd'
Replace 3263, 'a'
Replace 3264, 'e'
Replace 3265, 'v'
Replace 3267, 'i'
Replace 3268, 'o'
Replace 3270, 'l'
Replace 3271, 'w'
Replace 3272, 'o'
Replace 3273, 'm'
Replace 3274, 'i'
Replace 3276, 'n'
Replace 3277, 's'
Replace 3278, 'r'
Replace 3279, 'c'
Replace 3280, 'l'
Replace 3281, 'z'
Replace 3283, 'v'
Replace 3284, 'p'
Replace 3285, 'q'
Replace 3287, 'm'
Replace 3288, 'h'
Insert 3290, 'f'
Replace 3291, 'e'
Replace 3292, 'h'
Insert 3294, 'k'
Replace 3297, 'u'
Replace 3298, 'x'
Replace 3300, 'h'
Delete 3302
Replace 3302, 'l'
Replace 3304, 'l'
Replace 3305, 'q'
Replace 3306, 'z'
Replace 3307, 'g'
Replace 3309, 'g'
Delete 3311
Delete 3311
Replace 3311, 'q'
Replace 3312, 'b'
Replace 3313, 'p'
Replace 3314, 'n'
Delete 3316
Delete 3316
Delete 3316
Delete 3316
Replace 3316, 'p'
Delete 3318
Delete 3318
Delete 3318
Delete 3318
Replace 3319, 'h'
Replace 3320, 'j'
Replace 3321, 'z'
Replace 3322, 'u'
Replace 3323, 'b'
Replace 3324, 'l'
Replace 3325, 'i'
Replace 3326, 'w'
Replace 3328, 'c'
Replace 3329, 'j'
Replace 3330, 'b'
Replace 3331, 'z'
Replace 3332, 'm'
Replace 3333, 'o'
Delete 3335
Replace 3335, 'h'
Replace 3336, 'q'
Replace 3337, 'l'
Replace 3338, 'l'
Replace 3339, 'f'
Replace 3341, 'i'
Replace 3342, 'j'
Replace 3343, 'w'
Replace 3344, 'f'
Replace 3346, 'c'
Replace 3347, 'w'
Replace 3348, 'd'
Replace 3349, 'u'
Replace 3350, 't'
Replace 3351, 'y'
Replace 3352, 'h'
Replace 3354, 'k'
Replace 3355, 'y'
Replace 3357, 'o'
Replace 3358, 'u'
Replace 3360, 'q'
Replace 3361, 't'
Replace 3362, 't'
Replace 3363, 'h'
Replace 3364, 'h'
Replace 3365, 'j'
Replace 3367, 'm'
Delete 3369
Replace 3369, 'e'
Replace 3370, 'k'
Replace 3371, 'n'
Replace 3373, 'c'
Replace 3374, 'p'
Replace 3375, 'c'
Delete 3377
Replace 3377, 'd'
Replace 3378, 'l'
Replace 3379, 'r'
Replace 3380, 'q'
Replace 3381, 'h'
Replace 3383, 'b'
Delete 3385
Replace 3385, 'p'
Replace 3386, 'z'
Replace 3387, 't'
Insert 3390, 'c'
Replace 3392, 'l'
Insert 3394, 't'
Replace 3396, 'q'
Replace 3397, 's'
Replace 3398, 'i'
Insert 3400, 'v'
Insert 3403, 'p'
Replace 3405, 'l'
Replace 3406, 'l'
Replace 3407, 'k'
Delete 3409
Replace 3409, 'q'
Replace 3411, 'h'
Replace 3412, 'g'
Replace 3414, 'g'
Replace 3415, 'y'
Delete 3417
Replace 3418, 'd'
Replace 3419, 'm'
Replace 3420, 'd'
Replace 3421, 'j'
Replace 3423, 't'
Replace 3424, 'r'
Replace 3425, 'x'
Replace 3426, 'w'
Replace 3427, 'r'
Replace 3428, 'n'
Insert 3430, 'c'
Replace 3431, 'k'
Insert 3433, 'm'
Replace 3435, 'u'
Delete 3438
Replace 3438, 'f'
Replace 3439, 'v'
Replace 3440, 'k'
Replace 3441, 'b'
Replace 3442, 'i'
Replace 3443, 'z'
Delete 3447
Delete 3447
Delete 3447
Delete 3447
Delete 3447
Delete 3447
Replace 3447, 'e'
Replace 3448, 'h'
Replace 3449, 'r'
Replace 3450, 'b'
Replace 3451, 'y'
Replace 3452, 'h'
Delete 3455
Replace 3456, 'q'
Replace 3457, 'k'
Replace 3458, 'w'
Replace 3459, 'r'
Replace 3461, 'l'
Delete 3463
Replace 3463, 'd'
Replace 3464, 'i'
Delete 3466
Replace 3466, 'e'
Replace 3468, 'u'
Replace 3469, 'n'
Replace 3470, 'x'
Replace 3471, 'i'
Replace 3472, 'r'
Replace 3473, 'k'
Delete 3475
Replace 3475, 'p'
Replace 3476, 'w'
Replace 3477, 'i'
Replace 3478, 'x'
Replace 3479, 'i'
Replace 3481, 'q'
Replace 3482, 'r'
Insert 3484, 'v'
Replace 3486, 'q'
Insert 3488, 'e'
Replace 3490, 'k'
Delete 3492
Replace 3492, 'o'
Replace 3493, 'u'
Replace 3494, 'g'
Replace 3495, 'i'
Replace 3496, 'j'
Replace 3498, 'q'
Replace 3499, 'h'
Replace 3500, 'j'
Insert 3502, 'e'
Replace 3503, 'k'
Replace 3506, 'p'
Replace 3507, 'x'
Replace 3508, 'g'
Replace 3510, 'p'
Replace 3511, 'e'
Replace 3512, 'c'
Replace 3513, 'k'
Replace 3514, 'i'
Replace 3515, 'q'
Replace 3516, 'f'
Replace 3518, 'a'
Replace 3519, 'k'
Replace 3520, 'm'
Replace 3521, 'd'
Replace 3522, 'u'
Replace 3523, 'p'
Insert 3525, 'e'
Replace 3526, 'v'
Insert 3528, 'g'
Insert 3530, 'a'
Insert 3532, 'f'
Insert 3534, 'e'
Insert 3536, 'i'
Insert 3538, 'e'
Replace 3539, 'r'
Replace 3541, 'c'
Replace 3542, 's'
Replace 3544, 'c'
Replace 3545, 'c'
Replace 3546, 'g'
Insert 3548, 'm'
Replace 3550, 'h'
Replace 3551, 'p'
Replace 3552, 'j'
Replace 3553, 'i'
Replace 3554, 's'
Replace 3556, 'i'
Replace 3557, 'd'
Replace 3558, 'w'
Replace 3559, 'i'
Replace 3560, 'y'
Replace 3561, 'e'
Replace 3562, 'i'
Replace 3563, 'l'
Replace 3564, 'm'
Replace 3566, 'g'
Replace 3567, 'v'
Replace 3568, 'l'
Replace 3569, 'q'
Replace 3571, 'z'
Replace 3572, 'a'
Replace 3574, 's'
Replace 3575, 'b'
Insert 3577, 'z'
Replace 3579, 'i'
Insert 3581, 'j'
Replace 3582, 'm'
Insert 3584, 'h'
Insert 3585, 'k'
Replace 3587, 'h'
Replace 3588, 'l'
Replace 3589, 'n'
Replace 3591, 'h'
Replace 3592, 'l'
Replace 3594, 'p'
Delete 3596
Replace 3596, 'o'
Replace 3597, 'e'
Replace 3598, 'q'
Replace 3599, 'p'
Replace 3601, 'm'
Replace 3603, 'x'
Replace 3604, 'k'
Replace 3606, 'o'
Replace 3607, 'x'
Replace 3608, 'i'
Delete 3610
Delete 3610
Delete 3610
Delete 3610
Replace 3610, 'm'
Replace 3611, 'f'
Replace 3612, 'c'
Replace 3613, 'f'
Replace 3614, 'y'
Replace 3615, 'u'
Replace 3616, 'e'
Replace 3617, 'p'
Replace 3618, 'w'
Replace 3619, 'k'
Delete 3621
Replace 3621, 't'
Replace 3623, 'z'
Replace 3624, 'l'
Replace 3626, 'w'
Insert 3628, 'x'
Insert 3630, 'k'
Insert 3632, 'y'
Insert 3634, 'n'
Replace 3636, 'b'
Replace 3637, 'y'
Replace 3639, 'p'
Replace 3640, 'h'
Replace 3642, 'u'
Replace 3643, 'u'
Replace 3644, 'o'
Replace 3646, 'z'
Replace 3647, 'j'
Replace 3649, 'j'
Replace 3651, 'v'
Replace 3652, 'l'
Replace 3654, 'f'
Replace 3655, 'v'
Replace 3656, 'p'
Replace 3657, 'e'
Insert 3659, 'w'
Replace 3661, 'f'
Replace 3662, 'y'
Replace 3664, 'm'
Insert 3666, 'a'
Replace 3667, 'b'
Replace 3668, 'w'
Replace 3672, 'k'
Replace 3673, 'u'
Replace 3674, 'c'
Replace 3675, 'n'
Replace 3677, 'h'
Replace 3678, 'o'
Replace 3679, 'f'
Replace 3680, 's'
Replace 3681, 'l'
Replace 3682, 'e'
Delete 3684
Delete 3684
Replace 3684, 't'
Replace 3686, 'l'
Replace 3687, 'v'
Replace 3688, 'x'
Replace 3689, 'n'
Replace 3690, 'k'
Replace 3691, 'z'
Replace 3693, 'x'
Replace 3694, 'p'
Replace 3695, 'm'
Replace 3696, 'z'
Insert 3698, 'x'
Replace 3700, 'u'
Replace 3701, 'h'
Replace 3702, 'j'
Replace 3703, 'e'
Replace 3704, 's'
Replace 3705, 's'
Replace 3706, 'e'
Replace 3707, 'd'
Replace 3708, 'p'
Delete 3710
Delete 3710
Replace 3710, 'i'
Delete 3712
Delete 3713
Replace 3713, 'j'
Replace 3714, 'd'
Replace 3715, 'k'
Replace 3716, 'g'
Replace 3717, 'l'
Replace 3718, 's'
Replace 3719, 'o'
Replace 3720, 'j'
Replace 3721, 'd'
Replace 3722, 'k'
Replace 3723, 'a'
Replace 3724, 'o'
Replace 3725, 'j'
Replace 3726, 'g'
Replace 3727, 't'
Delete 3729
Replace 3729, 'i'
Replace 3731, 'w'
Replace 3734, 'm'
Replace 3735, 'd'
Replace 3736, 'h'
Replace 3737, 'w'
Replace 3738, 'q'
Insert 3740, 'i'
Insert 3742, 't'
Replace 3743, 'o'
Replace 3745, 'v'
Replace 3746, 'z'
Replace 3747, 'c'
Replace 3748, 'i'
Replace 3749, 'o'
Insert 3751, 'a'
Replace 3753, 'a'
Replace 3756, 'q'
Replace 3757, 'z'
Replace 3758, 'w'
Replace 3760, 'z'
Replace 3761, 'f'
Replace 3762, 'k'
Replace 3764, 'y'
Replace 3765, 'n'
Replace 3766, 'b'
Replace 3767, 'm'
Replace 3768, 't'
Replace 3769, 'l'
Replace 3770, 'm'
Replace 3771, 'y'
Replace 3772, 'p'
Replace 3773, 'a'
Replace 3774, 'n'
Replace 3775, 'c'
Replace 3776, 's'
Replace 3777, 'k'
Replace 3778, 'j'
Replace 3779, 'h'
Replace 3781, 'q'
Replace 3783, 'o'
Insert 3785, 'd'
Insert 3787, 'n'
Replace 3788, 'm'
Replace 3789, 'i'
Replace 3790, 'x'
Replace 3791, 'z'
Replace 3795, 'p'
Replace 3796, 'p'
Insert 3798, 'u'
Insert 3800, 'm'
Insert 3801, 'm'
Insert 3804, 'k'
Replace 3805, 'p'
Replace 3806, 'h'
Replace 3808, 'f'
Replace 3809, 's'
Insert 3811, 'b'
Replace 3813, 'i'
Replace 3814, 'r'
Replace 3815, 'w'
Replace 3816, 'd'
Replace 3817, 'h'
Replace 3819, 'f'
Replace 3820, 'y'
Insert 3822, 'f'
Insert 3824, 'p'
Replace 3827, 'm'
Replace 3828, 'z'
Replace 3829, 'i'
Replace 3830, 'n'
Delete 3832
Replace 3832, 'c'
Replace 3833, 'x'
Replace 3834, 'f'
Replace 3836, 't'
Replace 3837, 'p'
Replace 3838, 'm'
Replace 3839, 'k'
Replace 3840, 'i'
Replace 3841, 's'
Insert 3843, 'e'
Insert 3846, 'w'
Insert 3848, 'g'
Replace 3849, 's'
Replace 3850, 'd'
Insert 3852, 'p'
Replace 3853, 'w'
Insert 3855, 'f'
Replace 3856, 'j'
Insert 3858, 'o'
Replace 3860, 'i'
Replace 3861, 'a'
Replace 3862, 'v'
Replace 3864, 'm'
Replace 3865, 'p'
Replace 3867, 'p'
Replace 3868, 'e'
Replace 3869, 'p'
Replace 3870, 'r'
Replace 3871, 'a'
Replace 3872, 'i'
Replace 3874, 'o'
Replace 3875, 'j'
Replace 3876, 'f'
Delete 3878
Delete 3878
Delete 3878
Replace 3879, 'e'
Replace 3880, 'q'
Replace 3881, 'c'
Delete 3883
Replace 3883, 'w'
Replace 3885, 'b'
Delete 3887
Replace 3887, 'k'
Delete 3889
Replace 3889, 'z'
Replace 3890, 'o'
Replace 3891, 'b'
Replace 3892, 'h'
Replace 3893, 'u'
Replace 3896, 'b'
Replace 3898, 'p'
Replace 3899, 'z'
Replace 3900, 'p'
Replace 3901, 'e'
Replace 3902, 'g'
Replace 3903, 'x'
Insert 3907, 't'
Replace 3908, 's'
Replace 3910, 't'
Insert 3912, 'm'
Replace 3913, 'l'
Replace 3915, 'l'
Replace 3916, 'g'
Replace 3917, 'o'
Replace 3918, 'g'
Replace 3920, 'z'
Replace 3921, 'u'
Replace 3922, 'i'
Replace 3923, 'x'
Replace 3924, 'r'
Replace 3925, 'e'
Replace 3927, 'n'
Replace 3928, 's'
Replace 3929, 'i'
Insert 3931, 'r'
Replace 3932, 'x'
Replace 3934, 'o'
Delete 3936
Delete 3936
Replace 3936, 'o'
Replace 3937, 'p'
Replace 3939, 'r'
Insert 3941, 'j'
Insert 3943, 't'
Replace 3945, 'c'
Replace 3946, 'w'
Replace 3948, 'a'
Insert 3950, 'o'
Insert 3952, 's'
Insert 3954, 'u'
Replace 3956, 'y'
Replace 3958, 'o'
Replace 3959, 'j'
Replace 3960, 'm'
Replace 3961, 'x'
Replace 3962, 'o'
Replace 3963, 'g'
Replace 3964, 'z'
Replace 3966, 'v'
Replace 3967, 'v'
Delete 3969
Replace 3969, 'c'
Replace 3970, 'q'
Replace 3971, 't'
Replace 3972, 'j'
Replace 3973, 'g'
Replace 3975, 'e'
Replace 3976, 's'
Replace 3977, 'p'
Insert 3979, 'w'
Insert 3981, 'l'
Replace 3983, 't'
Replace 3985, 'y'
Replace 3986, 'm'
Insert 3988, 'j'
Replace 3990, 'a'
Replace 3991, 'g'
Replace 3992, 'i'
Replace 3993, 'i'
Delete 3995
Replace 3995, 'c'
Replace 3996, 'u'
Replace 3997, 'x'
Replace 3998, 'l'
Replace 3999, 'a'
Replace 4000, 'z'
Replace 4001, 'o'
Replace 4003, 's'
Replace 4004, 'i'
Replace 4005, 'y'
Replace 4007, 'p'
Replace 4008, 'z'
Replace 4009, 'u'
Replace 4010, 't'
Replace 4011, 'a'
Replace 4012, 'e'
Delete 4014
Replace 4014, 'p'
Replace 4015, 'k'
Replace 4016, 'q'
Replace 4018, 'o'
Replace 4019, 'h'
Insert 4021, 'u'
Replace 4023, 'v'
Insert 4025, 'z'
Replace 4026, 'k'
Insert 4028, 't'
Insert 4030, 'e'
Insert 4032, 'u'
Insert 4034, 'g'
Replace 4035, 'x'
Replace 4037, 'h'
Replace 4038, 'k'
Replace 4039, 'd'
Replace 4040, 'p'
Replace 4041, 'w'
Replace 4043, 't'
Replace 4045, 'o'
Replace 4046, 'u'
Replace 4048, 'i'
Replace 4049, 's'
Replace 4050, 'b'
Replace 4051, 'b'
Replace 4053, 'v'
Replace 4054, 't'
Insert 4056, 'r'
Replace 4058, 'n'
Replace 4060, 'h'
Insert 4062, 'w'
Insert 4063, 'w'
Insert 4066, 'o'
Insert 4068, 'e'
Replace 4069, 'r'
Insert 4071, 'n'
Replace 4073, 'r'
Replace 4074, 'q'
Replace 4075, 'k'
Replace 4079, 'd'
Replace 4080, 'o'
Replace 4081, 'c'
Insert 4083, 'p'
Replace 4086, 'm'
Replace 4087, 's'
Replace 4088, 'x'
Replace 4089, 'u'
Replace 4091, 'q'
Delete 4093
Replace 4093, 'w'
Replace 4094, 'g'
Replace 4096, 'i'
Replace 4097, 't'
Replace 4098, 'n'
Replace 4100, 'i'
Replace 4101, 'l'
Insert 4103, 't'
Replace 4104, 'v'
Replace 4105, 'e'
Replace 4106, 'l'
Insert 4108, 'l'
Insert 4110, 'b'
Replace 4112, 'f'
Insert 4114, 'h'
Replace 4115, 'a'
Replace 4116, 'h'
Replace 4117, 'u'
Replace 4119, 'l'
Insert 4121, 'n'
Replace 4122, 'j'
Replace 4123, 'f'
Insert 4125, 'e'
Replace 4127, 'l'
Replace 4129, 'x'
Replace 4131, 'l'
Replace 4132, 't'
Replace 4133, 'g'
Replace 4134, 'v'
Replace 4135, 'j'
Replace 4136, 'y'
Replace 4137, 'u'
Replace 4138, 'c'
Replace 4139, 'w'
Replace 4140, 'j'
Replace 4141, 'l'
Replace 4142, 'f'
Replace 4143, 'o'
Delete 4145
Delete 4146
Replace 4146, 't'
Replace 4147, 'u'
Replace 4148, 'j'
Replace 4149, 'c'
Replace 4151, 'e'
Replace 4152, 'n'
Replace 4153, 'b'
Replace 4154, 'o'
Insert 4156, 'l'
Replace 4157, 't'
Replace 4158, 'p'
Insert 4160, 'n'
Insert 4162, 'f'
Insert 4163, 'e'
Insert 4166, 'e'
Insert 4168, 'c'
Replace 4170, 'f'
Replace 4171, 'm'
Replace 4172, 'h'
Replace 4173, 'e'
Replace 4174, 'h'
Replace 4176, 'b'
Replace 4178, 'k'
Insert 4180, 's'
Insert 4182, 'u'
Insert 4184, 't'
Replace 4185, 'z'
Replace 4186, 'p'
Replace 4187, 'm'
Replace 4188, 'j'
Replace 4189, 'x'
Replace 4190, 'o'
Replace 4191, 'l'
Replace 4192, 'v'
Replace 4193, 'a'
Replace 4194, 'o'
Replace 4195, 'g'
Replace 4197, 'o'
Replace 4199, 'q'
Replace 4200, 'a'
Insert 4202, 't'
Replace 4203, 'v'
Replace 4205, 'f'
Replace 4206, 'r'
Replace 4207, 'z'
Replace 4209, 'q'
Replace 4211, 'x'
Replace 4213, 'l'
Replace 4214, 'r'
Delete 4216
Replace 4216, 'k'
Replace 4217, 'd'
Replace 4218, 'k'
Replace 4219, 'g'
Replace 4220, 'm'
Replace 4221, 'u'
Replace 4222, 'q'
Replace 4223, 'b'
Replace 4224, 'p'
Replace 4225, 'p'
Delete 4227
Replace 4227, 'b'
Replace 4229, 's'
Replace 4230, 'p'
Delete 4232
Delete 4232
Delete 4232
Replace 4232, 'l'
Replace 4233, 'q'
Replace 4234, 'i'
Replace 4236, 'v'
Delete 4238
Replace 4239, 'u'
Replace 4240, 'v'
Replace 4242, 'l'
Replace 4244, 'i'
Replace 4245, 'e'
Replace 4246, 'p'
Replace 4247, 'm'
Replace 4249, 'v'
Delete 4251
Replace 4252, 'g'
Replace 4253, 's'
Replace 4254, 'r'
Replace 4255, 'w'
Replace 4257, 'a'
Replace 4258, 'q'
Insert 4260, 'd'
Replace 4261, 'z'
Insert 4263, 'p'
Insert 4265, 'd'
Insert 4267, 'u'
Replace 4269, 'i'
Replace 4270, 'z'
Replace 4271, 'o'
Replace 4273, 'g'
Replace 4274, 'r'
Replace 4275, 'q'
Replace 4276, 'h'
Replace 4277, 't'
Replace 4279, 'm'
Replace 4280, 'b'
Replace 4281, 'a'
Insert 4283, 'e'
Replace 4284, 'b'
Replace 4285, 'h'
Replace 4286, 'z'
Replace 4288, 'k'
Insert 4290, 'p'
Insert 4292, 's'
Replace 4293, 'y'
Replace 4295, 'a'
Replace 4296, 'o'
Replace 4297, 'x'
Replace 4298, 'r'
Replace 4299, 'o'
Replace 4301, 'o'
Replace 4302, 'j'
Replace 4304, 'f'
Delete 4306
Delete 4306
Delete 4306
Replace 4306, 'h'
Replace 4307, 'j'
Replace 4308, 'd'
Replace 4309, 'p'
Replace 4310, 't'
Replace 4311, 'r'
Replace 4312, 'g'
Replace 4313, 's'
Replace 4314, 'w'
Replace 4316, 'y'
Replace 4317, 'e'
Replace 4319, 'k'
Insert 4321, 's'
Replace 4323, 'u'
Replace 4325, 'h'
Insert 4327, 'q'
Insert 4329, 'd'
Insert 4331, 't'
Replace 4332, 'l'
Replace 4334, 'q'
Insert 4336, 'u'
Insert 4338, 't'
Replace 4339, 'i'
Replace 4340, 'k'
Replace 4342, 'b'
Replace 4343, 'z'
Delete 4345
Replace 4345, 't'
Replace 4346, 'c'
Replace 4347, 'b'
Delete 4349
Delete 4349
Replace 4350, 'n'
Replace 4351, 'b'
Replace 4352, 'j'
Delete 4354
Insert 4356, 'h'
Insert 4358, 'w'
Insert 4360, 'u'
Insert 4362, 'l'
Insert 4364, 's'
Insert 4366, 'x'
Replace 4367, 'f'
Replace 4369, 'v'
Replace 4370, 'i'
Replace 4371, 'i'
Replace 4372, 'd'
Replace 4373, 'y'
Insert 4375, 'z'
Replace 4377, 'c'
Replace 4378, 'j'
Insert 4380, 'i'
Replace 4381, 'f'
Replace 4383, 'c'
Replace 4384, 'n'
Replace 4385, 'x'
Replace 4386, 's'
Replace 4387, 'm'
Replace 4388, 'l'
Replace 4390, 'h'
Replace 4391, 'e'
Replace 4392, 'o'

