Insert 0, 'e'
Replace 1, 'y'
Replace 4, 'o'
Replace 5, 'o'
Replace 7, 'h'
Delete 9
Replace 9, 'v'
Replace 10, 'd'
Delete 12
Replace 12, 'r'
Delete 14
Replace 14, 's'
Replace 16, 'g'
Replace 17, 'i'
Replace 18, 'q'
Replace 19, 'g'
Replace 21, 'c'
Replace 22, 'g'
Replace 23, 'r'
Replace 24, 'f'
Replace 25, 'z'
Replace 26, 'f'
Replace 27, 'o'
Replace 28, 'g'
Insert 30, 's'
Replace 31, 't'
Replace 32, 'g'
Replace 33, 'e'
Replace 35, 'w'
Delete 37
Replace 37, 'i'
Replace 39, 'e'
Replace 40, 'p'
Replace 41, 'q'
Insert 43, 'b'
Replace 44, 's'
Replace 45, 'w'
Replace 47, 'y'
Replace 48, 'h'
Replace 49, 'h'
Replace 50, 'a'
Replace 51, 't'
Replace 53, 'm'
Replace 54, 'c'
Replace 55, 'i'
Replace 56, 'v'
Replace 58, 'a'
Replace 60, 'k'
Replace 61, 'k'
Insert 63, 'l'
Insert 64, 'g'
Replace 65, 'k'
Insert 67, 'j'
Replace 68, 'u'
Replace 69, 'q'
Replace 71, 'u'
Insert 73, 'o'
Replace 74, 'p'
Replace 75, 'a'
Replace 76, 'i'
Replace 77, 'i'
Replace 78, 'p'
Replace 79, 'n'
Replace 81, 'y'
Replace 82, 'd'
Insert 84, 'w'
Insert 85, 'z'
Insert 86, 'd'
Insert 87, 'm'
Insert 88, 'b'
Replace 89, 'p'
Insert 91, 'u'
Replace 92, 'u'
Replace 93, 'e'
Insert 95, 'o'
Insert 96, 'k'
Replace 98, 's'
Replace 99, 'v'
Replace 100, 'a'
Replace 101, 'p'
Replace 102, 'b'
Replace 103, 'l'
Replace 104, 'c'
Replace 105, 'a'
Replace 106, 'j'
Replace 107, 'f'
Insert 109, 'p'
Insert 110, 'o'
Replace 111, 'u'
Replace 112, 'g'
Replace 113, 'z'
Replace 114, 'n'
Replace 115, 'i'
Replace 116, 'p'
Insert 118, 't'
Replace 120, 'q'
Replace 121, 'r'
Replace 122, 'i'
Replace 123, 'd'
Replace 125, 't'
Replace 126, 'r'
Replace 128, 'p'
Replace 129, 'a'
Replace 130, 'w'
Replace 131, 'x'
Replace 132, 'c'
Replace 133, 'w'
Insert 135, 'n'
Replace 136, 'm'
Insert 138, 'f'
Insert 139, 'p'
Replace 140, 'y'
Replace 142, 'g'
Replace 143, 'e'
Insert 145, 'u'
Replace 146, 'r'
Insert 148, 'c'
Replace 150, 'a'
Replace 151, 'x'
Replace 153, 'b'
Delete 155
Replace 155, 'j'
Delete 157
Replace 158, 's'
Insert 160, 'x'
Insert 161, 'g'
Insert 162, 'h'
Replace 163, 'n'
Replace 164, 'c'
Replace 165, 'f'
Insert 167, 'o'
Insert 168, 'n'
Insert 169, 'b'
Replace 170, 'l'
Replace 171, 't'
Replace 172, 'm'
Replace 173, 'l'
Replace 175, 'r'
Replace 176, 'h'
Replace 178, 'h'
Replace 179, 'u'
Replace 180, 't'
Replace 181, 'o'
Replace 182, 'p'
Replace 183, 'n'
Replace 184, 'y'
Insert 186, 'g'
Replace 187, 'r'
Replace 188, 'x'
Replace 189, 'h'
Replace 190, 'g'
Replace 191, 'o'
Replace 193, 's'
Replace 195, 't'
Replace 198, 'z'
Replace 199, 'l'
Replace 200, 'v'
Replace 201, 'o'
Replace 203, 'f'
Replace 204, 'q'
Replace 205, 'y'
Replace 206, 'a'
Replace 207, 'v'
Delete 209
Replace 209, 'g'
Replace 211, 'b'
Delete 213
Replace 214, 'c'
Replace 215, 'a'
Replace 216, 'w'
Insert 218, 'v'
Replace 219, 'n'
Replace 220, 'n'
Replace 221, 'w'
Replace 222, 'd'
Replace 223, 'y'
Replace 224, 'd'
Replace 225, 'b'
Replace 227, 'b'
Replace 228, 'w'
Replace 229, 'n'
Insert 231, 'x'
Insert 232, 'v'
Insert 233, 'd'
Replace 235, 'j'
Replace 236, 'h'
Replace 237, 'c'
Replace 238, 't'
Insert 241, 'b'
Replace 242, 'q'
Replace 244, 'q'
Replace 245, 'o'
Replace 246, 'e'
Replace 247, 'p'
Replace 248, 'i'
Replace 249, 'b'
Replace 250, 'n'
Replace 252, 'n'
Replace 253, 'l'
Delete 255
Replace 256, 'j'
Insert 258, 'w'
Insert 259, 'i'
Replace 261, 'r'
Replace 262, 's'
Insert 264, 'm'
Insert 265, 'h'
Insert 266, 't'
Insert 267, 'p'
Replace 270, 'x'
Replace 271, 'l'
Replace 272, 'r'
Replace 273, 'v'
Replace 274, 'n'
Insert 276, 'c'
Insert 277, 'y'
Replace 278, 'j'
Replace 279, 'a'
Replace 280, 'b'
Replace 281, 'i'
Replace 282, 'h'
Replace 283, 'q'
Replace 284, 'g'
Replace 285, 's'
Delete 288
Replace 289, 'b'
Replace 290, 'd'
Replace 292, 'r'
Replace 294, 'j'
Replace 295, 'c'
Insert 297, 'm'
Replace 299, 'c'
Replace 300, 'r'
Replace 301, 'a'
Delete 304
Replace 304, 'u'
Replace 305, 'k'
Delete 309
Replace 310, 'i'
Insert 312, 'g'
Replace 313, 'e'
Replace 314, 'o'
Replace 315, 'm'
Replace 316, 'f'
Replace 317, 's'
Replace 318, 'd'
Replace 319, 'o'
Replace 321, 'b'
Replace 322, 'c'
Replace 323, 'r'
Replace 324, 'e'
Delete 326
Replace 327, 'j'
Replace 330, 'q'
Replace 331, 'w'
Replace 332, 't'
Replace 333, 'f'
Replace 335, 'h'
Delete 337
Delete 338
Delete 339
Delete 339
Replace 340, 'e'
Replace 341, 'a'
Delete 343
Delete 344
Replace 345, 'b'
Replace 346, 'm'
Replace 347, 'h'
Replace 348, 'o'
Replace 350, 'g'
Replace 351, 't'
Replace 352, 'w'
Insert 354, 'f'
Replace 355, 'h'
Replace 356, 'y'
Replace 357, 'v'
Replace 359, 'o'
Replace 361, 'n'
Replace 362, 'x'
Insert 364, 'd'
Replace 365, 'y'
Replace 366, 'p'
Replace 368, 'f'
Replace 369, 'z'
Replace 370, 'd'
Delete 372
Replace 373, 'h'
Replace 374, 'a'
Replace 375, 'y'
Delete 377
Replace 377, 'k'
Delete 379
Insert 381, 'u'
Replace 383, 'm'
Replace 384, 'i'
Replace 385, 'l'
Replace 386, 't'
Insert 388, 'p'
Replace 391, 'e'
Insert 393, 'k'
Replace 394, 'p'
Replace 395, 'a'
Replace 396, 'y'
Replace 398, 'n'
Replace 399, 'p'
Replace 401, 'n'
Replace 402, 'b'
Insert 404, 'z'
Replace 405, 'b'
Replace 406, 'j'
Replace 408, 'e'
Replace 410, 'd'
Delete 412
Replace 413, 'g'
Replace 414, 'l'
Replace 416, 'v'
Replace 417, 'y'
Delete 419
Delete 420
Delete 421
Delete 422
Replace 423, 'v'
Replace 424, 'd'
Replace 425, 'd'
Replace 426, 'm'
Replace 428, 'b'
Replace 429, 'z'
Replace 430, 'l'
Replace 431, 'h'
Replace 432, 'l'
Insert 434, 'o'
Replace 435, 'v'
Replace 438, 'a'
Delete 440
Delete 441
Delete 441
Delete 441
Replace 441, 'j'
Replace 442, 'y'
Replace 444, 'm'
Replace 446, 'w'
Replace 447, 'x'
Replace 449, 'c'
Replace 450, 'f'
Replace 451, 'z'
Replace 453, 'v'
Replace 454, 't'
Replace 456, 'e'
Replace 457, 'z'
Replace 459, 'p'
Replace 460, 'l'
Replace 461, 'j'
Replace 462, 'y'
Replace 463, 'h'
Replace 464, 'o'
Replace 465, 't'
Replace 466, 'u'
Replace 468, 'a'
Replace 473, 'q'
Replace 474, 'e'
Replace 475, 'u'
Replace 476, 'z'
Replace 478, 'x'
Replace 481, 'k'
Replace 482, 'r'
Replace 484, 'd'
Delete 486
Delete 487
Replace 488, 'c'
Replace 489, 'k'
Replace 490, 'n'
Replace 492, 'j'
Replace 493, 'd'
Replace 494, 'y'
Replace 495, 'q'
Replace 496, 'r'
Replace 498, 'f'
Replace 499, 'r'
Replace 500, 't'
Replace 501, 'w'
Replace 502, 'z'
Replace 503, 'q'
Replace 506, 'l'
Replace 507, 'u'
Replace 508, 's'
Replace 509, 'z'
Replace 511, 'v'
Delete 513
Replace 514, 'm'
Delete 516
Replace 518, 'x'
Delete 520
Replace 521, 'l'
Replace 522, 'u'
Replace 524, 'p'
Replace 526, 'g'
Replace 527, 'k'
Replace 528, 'o'
Replace 529, 'd'
Replace 530, 'h'
Replace 531, 'i'
Delete 533
Replace 534, 'r'
Replace 535, 'u'
Replace 537, 'j'
Replace 539, 'g'
Replace 540, 'z'
Delete 543
Replace 544, 'f'
Replace 545, 'f'
Insert 547, 'j'
Insert 548, 'n'
Insert 549, 'd'
Replace 550, 'a'
Replace 551, 'k'
Replace 552, 'q'
Replace 553, 'f'
Replace 554, 'j'
Replace 556, 'l'
Replace 558, 'e'
Replace 559, 'd'
Replace 560, 'a'
Delete 562
Delete 563
Delete 564
Replace 565, 'e'
Replace 566, 'z'
Replace 567, 'a'
Replace 568, 'r'
Replace 569, 'v'
Replace 570, 'v'
Delete 572
Replace 573, 'b'
Replace 575, 's'
Delete 577
Delete 578
Replace 578, 'i'
Delete 580
Replace 580, 'w'
Delete 582
Replace 583, 'h'
Replace 584, 'z'
Replace 586, 'y'
Replace 587, 'x'
Replace 589, 'a'
Replace 590, 'd'
Replace 591, 'l'
Delete 593
Replace 595, 'l'
Replace 596, 'i'
Replace 597, 'j'
Replace 598, 'p'
Replace 599, 'n'
Replace 600, 'c'
Replace 601, 'x'
Replace 602, 'a'
Replace 603, 'm'
Replace 605, 'x'
Replace 606, 'w'
Replace 607, 'm'
Replace 608, 'l'
Replace 609, 'u'
Replace 610, 'x'
Replace 611, 'y'
Replace 612, 'd'
Replace 613, 'o'
Replace 614, 's'
Replace 616, 'm'
Replace 618, 's'
Replace 620, 'w'
Delete 622
Delete 623
Delete 623
Replace 625, 'n'
Delete 627
Replace 627, 'i'
Delete 629
Replace 629, 'p'
Delete 631
Delete 632
Replace 632, 'm'
Delete 634
Delete 634
Delete 636
Replace 636, 'n'
Delete 638
Replace 639, 'x'
Replace 641, 'e'
Replace 643, 'x'
Replace 644, 'p'
Replace 645, 'e'
Replace 647, 'w'
Replace 648, 'k'
Replace 649, 'u'
Insert 651, 'u'
Replace 652, 'm'
Replace 653, 'h'
Replace 654, 'q'
Replace 655, 'a'
Replace 657, 'l'
Replace 658, 'k'
Delete 661
Replace 661, 'n'
Delete 663
Replace 663, 'm'
Delete 665
Delete 666
Replace 666, 'e'
Replace 667, 'l'
Replace 669, 'x'
Replace 671, 'n'
Replace 672, 'g'
Replace 673, 'i'
Delete 675
Replace 676, 'z'
Replace 677, 'u'
Replace 679, 'l'
Insert 682, 'r'
Insert 683, 'z'
Insert 684, 'z'
Insert 685, 'z'
Insert 686, 'j'
Replace 687, 'k'
Replace 689, 'k'
Insert 691, 'm'
Replace 692, 'l'
Replace 693, 'i'
Insert 695, 'z'
Replace 696, 'w'
Replace 697, 't'
Replace 699, 'g'
Replace 700, 't'
Insert 702, 'z'
Replace 703, 'f'
Replace 704, 'w'
Replace 705, 'w'
Replace 706, 'z'
Replace 708, 'j'
Replace 709, 'j'
Insert 711, 'y'
Replace 712, 'z'
Replace 714, 'e'
Insert 716, 't'
Replace 717, 'l'
Replace 718, 'k'
Replace 719, 'l'
Replace 720, 'c'
Replace 722, 'e'
Delete 724
Replace 725, 'q'
Replace 726, 's'
Replace 728, 'j'
Replace 729, 'u'
Replace 730, 'k'
Replace 731, 'j'
Replace 732, 'w'
Replace 733, 'w'
Replace 735, 'l'
Replace 736, 'i'
Replace 737, 'v'
Replace 738, 'n'
Delete 740
Replace 741, 'm'
Replace 742, 't'
Replace 743, 'd'
Delete 745
Replace 745, 's'
Delete 748
Replace 749, 'e'
Replace 751, 'x'
Replace 752, 'c'
Delete 755
Replace 755, 'f'
Replace 756, 'e'
Replace 757, 'a'
Replace 759, 'q'
Replace 760, 'z'
Replace 761, 'k'
Replace 762, 'z'
Delete 764
Replace 765, 'y'
Replace 766, 'k'
Replace 767, 'p'
Replace 768, 'd'
Replace 769, 'm'
Replace 771, 'e'
Replace 772, 'i'
Replace 773, 'b'
Replace 774, 'v'
Insert 776, 'w'
Replace 777, 'l'
Replace 778, 'e'
Replace 779, 'q'
Replace 780, 'v'
Insert 782, 'd'
Replace 783, 'h'
Replace 784, 'h'
Replace 785, 'm'
Insert 787, 'u'
Insert 788, 'i'
Replace 789, 'd'
Replace 790, 'u'
Replace 791, 'z'
Insert 793, 'q'
Replace 795, 'i'
Replace 796, 't'
Replace 797, 'g'
Replace 799, 'p'
Replace 800, 'f'
Replace 801, 'n'
Replace 802, 'j'
Replace 804, 'i'
Replace 806, 't'
Replace 807, 'q'
Replace 809, 'z'
Insert 811, 'h'
Insert 814, 'c'
Insert 815, 'g'
Insert 816, 'y'
Replace 817, 'k'
Insert 819, 'u'
Replace 820, 't'
Replace 821, 'v'
Insert 823, 'l'
Replace 824, 't'
Replace 825, 'h'
Replace 826, 'o'
Replace 827, 's'
Insert 829, 'i'
Replace 830, 'l'
Replace 831, 'v'
Replace 832, 'a'
Replace 833, 'z'
Replace 834, 'l'
Replace 836, 'o'
Insert 838, 'c'
Insert 839, 'l'
Insert 841, 'v'
Insert 842, 'd'
Insert 843, 'l'
Replace 844, 'y'
Replace 845, 'q'
Replace 848, 'i'
Delete 850
Replace 850, 'g'
Replace 852, 't'
Replace 853, 'x'
Replace 854, 'y'
Replace 855, 's'
Replace 857, 'b'
Replace 859, 'x'
Replace 860, 'y'
Replace 862, 'x'
Replace 863, 'a'
Replace 865, 'v'
Replace 866, 't'
Replace 867, 'g'
Replace 869, 'o'
Replace 871, 's'
Replace 872, 'v'
Replace 873, 'e'
Replace 874, 'o'
Insert 876, 'c'
Insert 877, 'g'
Replace 878, 'i'
Insert 880, 'u'
Insert 881, 'v'
Replace 882, 'l'
Replace 883, 'p'
Replace 885, 'v'
Replace 887, 'g'
Replace 888, 'c'
Delete 890
Replace 890, 'r'
Replace 891, 'b'
Replace 893, 'e'
Replace 894, 'y'
Replace 895, 'h'
Replace 896, 'i'
Replace 897, 'l'
Replace 898, 'z'
Replace 899, 'e'
Replace 900, 'g'
Replace 901, 'r'
Replace 902, 'f'
Replace 904, 'y'
Replace 905, 'e'
Replace 906, 'g'
Replace 907, 'f'
Replace 908, 'i'
Replace 909, 'r'
Replace 910, 'h'
Replace 911, 'j'
Replace 912, 't'
Replace 913, 'o'
Insert 915, 'o'
Replace 916, 'l'
Replace 917, 'c'
Replace 918, 'y'
Replace 919, 'p'
Replace 920, 'o'
Replace 921, 'y'
Replace 923, 'l'
Replace 924, 's'
Replace 927, 'h'
Replace 928, 'g'
Replace 929, 'f'
Replace 932, 'o'
Replace 934, 'p'
Insert 936, 'a'
Insert 937, 'u'
Replace 938, 's'
Replace 939, 'n'
Replace 940, 'i'
Replace 943, 'o'
Insert 945, 'j'
Replace 946, 'i'
Replace 947, 'i'
Replace 948, 'p'
Replace 950, 'b'
Replace 951, 'a'
Replace 953, 'q'
Replace 955, 'k'
Replace 956, 'r'
Replace 957, 'a'
Replace 959, 'k'
Replace 960, 'n'
Replace 961, 'p'
Replace 962, 'i'
Replace 964, 'l'
Delete 966
Delete 967
Replace 967, 'e'
Delete 969
Delete 970
Replace 971, 'c'
Replace 972, 'o'
Replace 973, 'e'
Replace 974, 'k'
Replace 975, 'l'
Replace 976, 'l'
Replace 977, 'o'
Replace 978, 'j'
Replace 980, 's'
Replace 981, 'g'
Replace 982, 'q'
Replace 983, 'z'
Replace 984, 'i'
Replace 985, 'q'
Insert 988, 'i'
Replace 989, 'c'
Replace 991, 'k'
Replace 992, 'x'
Replace 993, 'd'
Replace 994, 'w'
Replace 996, 's'
Replace 997, 'q'
Replace 999, 'k'
Delete 1001
Delete 1002
Delete 1003
Replace 1004, 'k'
Replace 1005, 't'
Replace 1006, 'b'
Insert 1008, 'f'
Replace 1009, 'v'
Replace 1010, 'b'
Replace 1011, 't'
Replace 1012, 'r'
Replace 1013, 'n'
Replace 1014, 'm'
Replace 1016, 'd'
Delete 1018
Delete 1019
Replace 1020, 's'
Replace 1021, 'u'
Replace 1022, 'f'
Insert 1024, 'c'
Replace 1025, 'l'
Delete 1028
Replace 1028, 'z'
Replace 1029, 'u'
Delete 1031
Delete 1032
Replace 1033, 'f'
Replace 1034, 'j'
Delete 1036
Delete 1037
Replace 1037, 'r'
Replace 1038, 'g'
Replace 1041, 's'
Replace 1042, 's'
Replace 1044, 'h'
Replace 1045, 'n'
Replace 1046, 'l'
Replace 1047, 'a'
Delete 1049
Delete 1050
Replace 1050, 'b'
Delete 1052
Replace 1053, 't'
Replace 1054, 'n'
Replace 1055, 'k'
Replace 1058, 'e'
Replace 1059, 'c'
Replace 1061, 'i'
Replace 1063, 'z'
Replace 1064, 't'
Delete 1066
Delete 1067
Replace 1067, 'm'
Replace 1068, 't'
Replace 1069, 'l'
Delete 1071
Replace 1072, 'q'
Replace 1073, 'j'
Delete 1076
Replace 1077, 't'
Insert 1079, 'k'
Replace 1080, 'y'
Replace 1081, 'j'
Replace 1082, 'l'
Replace 1084, 'r'
Replace 1085, 'm'
Replace 1086, 'o'
Replace 1087, 'c'
Replace 1088, 'o'
Replace 1089, 'j'
Replace 1091, 'r'
Replace 1093, 'y'
Replace 1094, 'q'
Replace 1095, 'j'
Replace 1097, 'a'
Replace 1098, 'y'
Replace 1100, 't'
Replace 1101, 'r'
Replace 1102, 'v'
Replace 1103, 'a'
Insert 1105, 's'
Replace 1106, 'm'
Replace 1107, 's'
Replace 1108, 't'
Insert 1110, 'e'
Replace 1111, 'm'
Replace 1112, 'u'
Replace 1113, 'r'
Replace 1114, 'l'
Replace 1115, 'u'
Replace 1116, 's'
Replace 1117, 'x'
Replace 1118, 'z'
Replace 1119, 'd'
Replace 1121, 'f'
Replace 1122, 'd'
Replace 1123, 'v'
Replace 1124, 'c'
Delete 1126
Delete 1127
Replace 1127, 'u'
Replace 1128, 'p'
Replace 1130, 'u'
Replace 1131, 'j'
Replace 1132, 'v'
Replace 1135, 'w'
Delete 1137
Delete 1138
Delete 1139
Replace 1139, 'v'
Replace 1140, 'f'
Replace 1141, 'f'
Delete 1143
Delete 1144
Delete 1145
Delete 1146
Delete 1147
Replace 1148, 't'
Replace 1149, 'j'
Insert 1151, 'l'
Insert 1152, 'j'
Insert 1153, 'm'
Replace 1154, 'm'
Replace 1155, 'p'
Replace 1157, 'm'
Delete 1159
Replace 1159, 'i'
Delete 1161
Delete 1162
Replace 1163, 'k'
Replace 1164, 'n'
Delete 1166
Replace 1167, 'm'
Replace 1169, 'i'
Insert 1171, 'g'
Replace 1172, 'v'
Insert 1174, 'x'
Replace 1176, 't'
Replace 1178, 't'
Insert 1180, 'a'
Replace 1182, 'h'
Replace 1183, 'r'
Replace 1184, 'l'
Replace 1185, 'p'
Replace 1187, 'd'
Replace 1188, 'c'
Replace 1189, 'd'
Replace 1190, 'p'
Delete 1192
Replace 1193, 's'
Delete 1195
Replace 1196, 'c'
Replace 1197, 'n'
Replace 1198, 'a'
Replace 1199, 'h'
Insert 1201, 's'
Replace 1202, 'p'
Replace 1204, 'o'
Replace 1205, 'b'
Replace 1206, 'd'
Insert 1208, 'z'
Replace 1209, 'y'
Replace 1210, 'h'
Replace 1212, 'c'
Replace 1213, 'j'
Replace 1215, 'j'
Replace 1216, 'r'
Replace 1217, 't'
Replace 1218, 'z'
Replace 1219, 'p'
Replace 1220, 'l'
Replace 1221, 'f'
Replace 1222, 'j'
Insert 1224, 'l'
Insert 1225, 'i'
Replace 1226, 'r'
Replace 1227, 'a'
Replace 1229, 'b'
Replace 1230, 'a'
Replace 1231, 'v'
Delete 1233
Replace 1234, 'l'
Replace 1235, 'e'
Replace 1236, 'l'
Replace 1237, 'r'
Replace 1238, 'm'
Replace 1239, 'g'
Replace 1241, 'k'
Replace 1243, 'o'
Replace 1244, 'h'
Replace 1245, 'e'
Replace 1246, 'g'
Insert 1248, 'l'
Insert 1250, 'u'
Replace 1251, 'b'
Replace 1252, 'k'
Replace 1253, 'l'
Replace 1254, 'p'
Replace 1255, 'i'
Replace 1256, 'n'
Replace 1257, 'e'
Replace 1259, 'o'
Replace 1260, 'm'
Replace 1261, 'd'
Replace 1262, 'b'
Replace 1263, 'a'
Replace 1264, 'h'
Replace 1265, 'n'
Replace 1267, 'u'
Delete 1269
Replace 1270, 'p'
Insert 1272, 'z'
Replace 1273, 'j'
Replace 1274, 'c'
Replace 1275, 's'
Replace 1277, 'v'
Replace 1278, 'p'
Replace 1279, 'e'
Replace 1280, 'y'
Replace 1282, 'z'
Replace 1283, 'm'
Insert 1285, 'x'
Replace 1286, 'v'
Replace 1287, 'f'
Replace 1288, 'q'
Replace 1289, 'o'
Replace 1291, 'd'
Replace 1292, 'b'
Replace 1293, 'l'
Replace 1295, 'd'
Replace 1296, 'm'
Replace 1297, 't'
Replace 1298, 'v'
Replace 1299, 'r'
Insert 1301, 'p'
Replace 1302, 'a'
Replace 1305, 'q'
Replace 1307, 'y'
Replace 1308, 'a'
Replace 1310, 'm'
Replace 1312, 'b'
Delete 1314
Replace 1314, 's'
Replace 1315, 'd'
Replace 1316, 'z'
Delete 1318
Replace 1319, 'r'
Delete 1321
Replace 1322, 'x'
Replace 1323, 'd'
Replace 1324, 'h'
Delete 1326
Delete 1327
Delete 1328
Replace 1329, 'u'
Delete 1331
Delete 1332
Replace 1333, 'e'
Replace 1334, 'y'
Replace 1335, 'l'
Replace 1337, 'o'
Replace 1338, 'w'
Replace 1339, 'n'
Replace 1340, 'a'
Replace 1342, 'i'
Replace 1343, 'j'
Replace 1345, 's'
Replace 1347, 'x'
Insert 1349, 's'
Replace 1350, 'a'
Replace 1351, 'i'
Insert 1353, 'w'
Insert 1354, 'u'
Replace 1356, 'i'
Replace 1357, 'y'
Replace 1360, 'a'
Replace 1361, 'j'
Replace 1362, 'f'
Delete 1364
Replace 1364, 'b'
Replace 1366, 'i'
Delete 1368
Replace 1368, 'n'
Replace 1369, 'a'
Replace 1371, 'y'
Insert 1373, 't'
Replace 1374, 'n'
Replace 1375, 'k'
Replace 1376, 'i'
Replace 1377, 'o'
Replace 1378, 'd'
Replace 1380, 'y'
Replace 1381, 'k'
Insert 1383, 'x'
Replace 1384, 'u'
Insert 1386, 'c'
Insert 1387, 'x'
Replace 1389, 'f'
Replace 1390, 'b'
Replace 1391, 'k'
Replace 1392, 'l'
Insert 1394, 't'
Replace 1395, 'x'
Replace 1396, 'o'
Insert 1398, 'w'
Replace 1400, 'n'
Replace 1401, 'q'
Replace 1402, 'z'
Replace 1404, 'z'
Replace 1405, 'l'
Replace 1407, 'w'
Replace 1408, 'd'
Replace 1409, 'm'
Replace 1410, 'u'
Replace 1411, 'a'
Replace 1413, 'd'
Replace 1414, 't'
Replace 1415, 'y'
Replace 1416, 'u'
Replace 1417, 'i'
Replace 1418, 'd'
Replace 1419, 'o'
Insert 1421, 's'
Replace 1422, 'u'
Replace 1424, 'y'
Replace 1425, 'r'
Replace 1426, 'k'
Replace 1427, 'q'
Replace 1428, 'c'
Replace 1429, 'm'
Replace 1431, 'w'
Replace 1432, 'n'
Replace 1433, 'i'
Replace 1434, 'k'
Delete 1436
Replace 1437, 'a'
Replace 1438, 'q'
Replace 1439, 'n'
Delete 1441
Replace 1441, 'h'
Replace 1443, 'b'
Delete 1445
Replace 1446, 'c'
Replace 1447, 'h'
Replace 1449, 'g'
Insert 1451, 'z'
Replace 1453, 'e'
Replace 1454, 'n'
Replace 1455, 'n'
Delete 1457
Replace 1458, 'e'
Replace 1460, 'c'
Replace 1461, 'w'
Replace 1462, 'd'
Delete 1464
Replace 1465, 'd'
Replace 1466, 'h'
Replace 1467, 'p'
Replace 1468, 'h'
Replace 1470, 'x'
Replace 1471, 'x'
Delete 1473
Replace 1474, 'r'
Delete 1476
Delete 1477
Delete 1478
Delete 1479
Replace 1480, 'w'
Replace 1481, 'g'
Replace 1483, 'r'
Replace 1485, 'p'
Replace 1486, 'y'
Replace 1487, 'n'
Replace 1488, 'p'
Replace 1490, 's'
Replace 1491, 'j'
Replace 1492, 'z'
Delete 1494
Replace 1494, 'y'
Delete 1496
Replace 1496, 'h'
Replace 1498, 'h'
Insert 1500, 'w'
Insert 1501, 'a'
Insert 1502, 's'
Replace 1503, 'y'
Replace 1504, 'c'
Replace 1505, 'f'
Replace 1506, 'i'
Replace 1507, 'd'
Replace 1508, 'j'
Replace 1509, 'j'
Replace 1510, 'a'
Insert 1513, 'u'
Insert 1514, 'f'
Replace 1515, 'g'
Replace 1516, 'p'
Replace 1517, 'u'
Replace 1518, 'y'
Replace 1519, 'g'
Replace 1520, 'e'
Replace 1521, 'n'
Replace 1522, 'j'
Replace 1523, 'y'
Replace 1524, 'g'
Replace 1525, 'p'
Replace 1526, 'z'
Replace 1527, 'y'
Replace 1528, 'x'
Replace 1529, 'g'
Replace 1530, 'k'
Replace 1531, 'q'
Replace 1532, 'u'
Replace 1534, 'q'
Replace 1535, 'k'
Replace 1536, 't'
Delete 1538
Replace 1539, 'l'
Replace 1540, 'v'
Replace 1541, 'q'
Replace 1542, 'q'
Replace 1543, 't'
Replace 1544, 'b'
Replace 1546, 'y'
Replace 1547, 's'
Replace 1548, 'd'
Replace 1550, 'b'
Replace 1551, 'e'
Replace 1553, 'b'
Replace 1554, 'z'
Replace 1555, 'l'
Insert 1557, 'q'
Insert 1558, 'f'
Insert 1559, 'h'
Replace 1560, 'f'
Replace 1561, 'v'
Replace 1562, 'f'
Replace 1563, 'g'
Replace 1566, 'q'
Replace 1567, 's'
Delete 1569
Replace 1569, 'o'
Replace 1571, 'b'
Delete 1573
Replace 1573, 'f'
Replace 1575, 'p'
Replace 1576, 'g'
Replace 1577, 'w'
Delete 1579
Delete 1580
Replace 1581, 'f'
Replace 1582, 'u'
Replace 1583, 'd'
Replace 1584, 't'
Replace 1586, 'o'
Insert 1589, 'h'
Insert 1590, 'y'
Replace 1591, 'c'
Replace 1592, 'c'
Insert 1594, 'g'
Replace 1595, 'w'
Replace 1596, 'j'
Replace 1597, 'r'
Replace 1598, 'c'
Replace 1599, 'v'
Replace 1600, 'i'
Replace 1602, 't'
Replace 1603, 'x'
Replace 1604, 's'
Delete 1606
Replace 1609, 'h'
Replace 1611, 'm'
Replace 1613, 'i'
Replace 1614, 'r'
Replace 1615, 'a'
Replace 1616, 'd'
Insert 1618, 'f'
Replace 1619, 'g'
Insert 1621, 'g'
Replace 1622, 'u'
Replace 1623, 'b'
Replace 1624, 'n'
Insert 1626, 'b'
Replace 1627, 'r'
Replace 1629, 'd'
Replace 1631, 'b'
Replace 1632, 'y'
Replace 1633, 'j'
Replace 1634, 't'
Replace 1636, 'p'
Replace 1638, 'f'
Replace 1639, 'w'
Replace 1642, 'o'
Replace 1643, 'x'
Replace 1644, 'b'
Replace 1645, 'e'
Replace 1646, 'd'
Replace 1647, 'j'
Replace 1648, 'a'
Replace 1649, 'n'
Replace 1650, 'v'
Replace 1652, 'x'
Replace 1653, 'q'
Delete 1655
Delete 1656
Replace 1657, 't'
Replace 1658, 'u'
Replace 1660, 'u'
Replace 1663, 'w'
Replace 1665, 'h'
Replace 1666, 'i'
Replace 1667, 'z'
Insert 1669, 'm'
Replace 1670, 'e'
Replace 1671, 'j'
Replace 1673, 'o'
Replace 1674, 'n'
Replace 1675, 'z'
Insert 1677, 'm'
Insert 1678, 'r'
Insert 1679, 'm'
Replace 1680, 'b'
Replace 1682, 'w'
Replace 1683, 'z'
Replace 1684, 'z'
Replace 1685, 'u'
Replace 1687, 'l'
Replace 1688, 'p'
Replace 1689, 'r'
Replace 1691, 'a'
Replace 1692, 't'
Replace 1694, 'o'
Replace 1695, 'k'
Replace 1697, 'u'
Replace 1699, 'k'
Replace 1700, 'd'
Replace 1701, 'q'
Insert 1703, 'g'
Replace 1705, 'h'
Replace 1706, 'i'
Replace 1708, 'w'
Insert 1710, 'f'
Insert 1711, 's'
Replace 1712, 'h'
Replace 1713, 'q'
Replace 1714, 'l'
Replace 1716, 'o'
Replace 1717, 'v'
Delete 1719
Replace 1719, 'v'
Delete 1721
Replace 1721, 'n'
Replace 1722, 'e'
Replace 1724, 'a'
Replace 1725, 'a'
Delete 1727
Replace 1727, 'q'
Delete 1729
Replace 1730, 'k'
Replace 1732, 'x'
Delete 1734
Delete 1735
Delete 1736
Replace 1736, 'p'
Delete 1738
Replace 1738, 'y'
Replace 1740, 'h'
Insert 1742, 'w'
Replace 1743, 'j'
Replace 1745, 't'
Replace 1746, 'y'
Replace 1748, 'b'
Replace 1749, 'e'
Replace 1750, 'l'
Delete 1752
Replace 1752, 'i'
Replace 1753, 'o'
Replace 1754, 'b'
Replace 1756, 'u'
Replace 1757, 't'
Replace 1758, 'i'
Replace 1760, 'u'
Replace 1761, 'a'
Replace 1763, 'e'
Delete 1765
Replace 1766, 'i'
Replace 1767, 'w'
Insert 1769, 'x'
Insert 1770, 'z'
Replace 1771, 's'
Replace 1772, 'f'
Replace 1773, 'h'
Replace 1774, 'y'
Replace 1776, 'n'
Replace 1777, 'j'
Replace 1778, 'd'
Replace 1780, 'v'
Replace 1782, 'k'
Replace 1783, 'm'
Replace 1785, 'r'
Replace 1788, 'u'
Replace 1789, 'l'
Replace 1790, 'b'
Replace 1793, 'h'
Replace 1794, 'g'
Replace 1795, 'o'
Replace 1796, 'c'
Replace 1797, 'v'
Replace 1798, 'j'
Replace 1799, 's'
Replace 1800, 'v'
Replace 1801, 'k'
Replace 1802, 's'
Replace 1804, 'd'
Replace 1805, 'e'
Insert 1807, 'z'
Replace 1808, 'u'
Replace 1809, 'q'
Replace 1811, 't'
Delete 1813
Replace 1814, 'c'
Replace 1816, 't'
Replace 1817, 'k'
Replace 1819, 'm'
Replace 1820, 'b'
Replace 1821, 'w'
Replace 1822, 'h'
Replace 1824, 'o'
Replace 1826, 'o'
Delete 1828
Delete 1829
Delete 1830
Replace 1830, 'x'
Replace 1832, 'r'
Delete 1834
Replace 1835, 'j'
Delete 1837
Replace 1837, 'p'
Replace 1839, 'c'
Replace 1840, 'z'
Replace 1842, 'l'
Replace 1844, 'm'
Delete 1846
Delete 1847
Replace 1847, 'q'
Replace 1849, 'j'
Replace 1851, 'e'
Replace 1852, 'k'
Replace 1853, 'e'
Replace 1855, 'c'
Replace 1856, 'q'
Replace 1857, 'w'
Replace 1858, 'y'
Replace 1859, 'n'
Replace 1860, 'e'
Replace 1861, 'q'
Replace 1862, 'e'
Replace 1864, 'm'
Replace 1865, 'm'
Replace 1866, 'h'
Replace 1867, 'f'
Replace 1868, 'g'
Replace 1869, 'b'
Replace 1870, 'h'
Replace 1872, 'z'
Replace 1873, 'a'
Insert 1875, 'c'
Replace 1876, 'e'
Replace 1878, 'g'
Replace 1879, 'z'
Replace 1881, 'o'
Replace 1882, 's'
Replace 1883, 'm'
Replace 1884, 'g'
Replace 1886, 'e'
Replace 1887, 'q'
Replace 1888, 'n'
Replace 1889, 'v'
Replace 1890, 'i'
Replace 1891, 'i'
Replace 1892, 'r'
Replace 1893, 'p'
Replace 1894, 'a'
Delete 1896
Replace 1896, 'j'
Replace 1897, 't'
Replace 1898, 'e'
Delete 1900
Delete 1901
Delete 1902
Replace 1903, 'n'
Replace 1904, 'f'
Replace 1906, 'm'
Delete 1908
Delete 1909
Replace 1909, 'k'
Delete 1911
Replace 1912, 'r'
Replace 1913, 'd'
Replace 1914, 'a'
Replace 1915, 'i'
Replace 1916, 'o'
Replace 1917, 'w'
Replace 1919, 'y'
Delete 1921
Replace 1922, 'v'
Delete 1924
Replace 1924, 'y'
Delete 1926
Delete 1927
Replace 1928, 'c'
Replace 1929, 'x'
Replace 1930, 'o'
Replace 1931, 'd'
Replace 1933, 'd'
Delete 1935
Replace 1936, 's'
Replace 1937, 'u'
Replace 1938, 'd'
Replace 1940, 'w'
Replace 1942, 'o'
Replace 1943, 't'
Delete 1945
Replace 1946, 'h'
Delete 1948
Replace 1948, 'f'
Delete 1950
Replace 1951, 'e'
Replace 1953, 'k'
Replace 1954, 'f'
Replace 1955, 'c'
Replace 1956, 'a'
Replace 1957, 'e'
Replace 1958, 'f'
Delete 1961
Replace 1963, 'x'
Replace 1964, 'o'
Replace 1965, 'm'
Replace 1966, 'u'
Replace 1967, 'l'
Replace 1968, 'p'
Insert 1970, 'u'
Insert 1971, 'f'
Insert 1974, 'm'
Insert 1975, 't'
Replace 1976, 'a'
Replace 1977, 'p'
Replace 1978, 'b'
Replace 1979, 's'
Replace 1980, 'h'
Replace 1981, 'b'
Replace 1982, 'm'
Replace 1983, 'b'
Replace 1985, 'u'
Replace 1986, 'x'
Replace 1987, 'n'
Delete 1989
Replace 1990, 'c'
Replace 1991, 't'
Replace 1993, 'a'
Replace 1994, 'n'
Replace 1995, 'r'
Replace 1996, 'i'
Replace 1997, 'h'
Replace 1998, 'w'
Replace 1999, 'x'
Replace 2000, 'b'
Replace 2001, 'o'
Replace 2002, 'e'
Replace 2003, 'e'
Replace 2004, 'b'
Replace 2005, 'h'
Replace 2006, 'h'
Replace 2008, 'd'
Replace 2009, 'a'
Delete 2011
Replace 2011, 'j'
Replace 2013, 'j'
Replace 2014, 'w'
Replace 2016, 'q'
Delete 2018
Replace 2018, 'c'
Delete 2020
Delete 2021
Delete 2022
Replace 2023, 'f'
Replace 2024, 'i'
Replace 2026, 'h'
Replace 2027, 'u'
Replace 2028, 'q'
Delete 2030
Replace 2031, 'x'
Replace 2033, 'x'
Replace 2034, 'd'
Replace 2035, 'a'
Delete 2037
Replace 2038, 'f'
Replace 2040, 'k'
Replace 2041, 'l'
Replace 2042, 's'
Replace 2043, 'w'
Replace 2044, 'q'
Delete 2046
Replace 2047, 'd'
Replace 2048, 'j'
Replace 2049, 'o'
Replace 2050, 'g'
Replace 2051, 'j'
Replace 2052, 'z'
Replace 2053, 'k'
Replace 2055, 'z'
Delete 2057
Replace 2058, 'd'
Delete 2060
Delete 2061
Replace 2062, 'p'
Replace 2063, 'm'
Insert 2065, 'o'
Replace 2066, 'b'
Replace 2067, 'e'
Insert 2069, 'o'
Insert 2070, 'j'
Insert 2071, 'y'
Replace 2072, 'v'
Replace 2073, 'x'
Replace 2074, 'e'
Replace 2076, 'd'
Replace 2078, 'e'
Replace 2080, 'i'
Insert 2082, 'p'
Insert 2083, 'o'
Replace 2084, 'q'
Replace 2085, 'u'
Replace 2086, 'c'
Replace 2088, 'n'
Delete 2090
Replace 2091, 'a'
Replace 2093, 'x'
Replace 2094, 'h'
Replace 2095, 'y'
Replace 2096, 'k'
Replace 2097, 'z'
Replace 2098, 'k'
Replace 2101, 't'
Replace 2102, 'z'
Replace 2103, 'n'
Replace 2104, 'b'
Replace 2106, 'e'
Replace 2107, 'a'
Replace 2108, 'v'
Replace 2109, 'h'
Replace 2110, 'u'
Replace 2112, 's'
Replace 2113, 'u'
Replace 2114, 'q'
Replace 2115, 'z'
Replace 2116, 'm'
Replace 2117, 'e'
Replace 2118, 's'
Replace 2119, 'n'
Replace 2120, 'n'
Replace 2121, 'z'
Replace 2123, 'd'
Replace 2124, 'j'
Replace 2125, 'a'
Replace 2126, 'r'
Delete 2128
Replace 2128, 'z'
Replace 2130, 'm'
Replace 2131, 'l'
Replace 2132, 's'
Replace 2133, 't'
Replace 2135, 'o'
Replace 2136, 'p'
Replace 2137, 'w'
Insert 2139, 'f'
Insert 2140, 'f'
Insert 2141, 'x'
Insert 2143, 's'
Insert 2144, 't'
Replace 2145, 'w'
Replace 2146, 'i'
Replace 2147, 'p'
Replace 2148, 'q'
Replace 2152, 'n'
Delete 2154
Replace 2155, 'g'
Replace 2156, 'e'
Replace 2157, 'u'
Replace 2158, 'a'
Replace 2159, 'm'
Delete 2161
Replace 2162, 's'
Replace 2163, 'y'
Replace 2165, 'w'
Replace 2167, 'q'
Replace 2168, 'x'
Replace 2169, 'k'
Replace 2170, 'c'
Replace 2171, 'c'
Replace 2172, 'a'
Replace 2173, 'g'
Replace 2174, 'u'
Replace 2175, 'x'
Replace 2177, 'x'
Insert 2179, 't'
Replace 2181, 'e'
Replace 2182, 'o'
Replace 2183, 'n'
Replace 2184, 'i'
Replace 2185, 'z'
Replace 2186, 'e'
Replace 2188, 'l'
Replace 2189, 'f'
Replace 2190, 'h'
Insert 2192, 'x'
Replace 2193, 'i'
Insert 2195, 'n'
Replace 2196, 'm'
Replace 2197, 'h'
Replace 2198, 'g'
Replace 2199, 'c'
Replace 2200, 'w'
Insert 2202, 'y'
Replace 2203, 'g'
Replace 2204, 'w'
Replace 2206, 'a'
Replace 2207, 'i'
Replace 2208, 'l'
Replace 2210, 'q'
Replace 2211, 'z'
Replace 2212, 's'
Replace 2213, 'x'
Replace 2214, 'o'
Replace 2215, 'e'
Replace 2217, 'n'
Replace 2218, 'u'
Delete 2220
Replace 2220, 'x'
Delete 2222
Replace 2222, 'q'
Replace 2224, 'r'
Replace 2225, 'w'
Replace 2226, 'f'
Replace 2227, 'e'
Replace 2228, 'j'
Replace 2231, 'g'
Replace 2232, 's'
Delete 2234
Replace 2235, 'w'
Delete 2237
Delete 2238
Delete 2239
Replace 2240, 'v'
Replace 2242, 'p'
Replace 2243, 't'
Replace 2244, 'v'
Replace 2245, 'h'
Replace 2247, 'z'
Replace 2248, 't'
Replace 2250, 'g'
Replace 2251, 'a'
Replace 2253, 'd'
Replace 2255, 'r'
Insert 2257, 'q'
Replace 2258, 'b'
Replace 2260, 'r'
Replace 2261, 'k'
Replace 2262, 'f'
Replace 2263, 'o'
Replace 2264, 'v'
Replace 2265, 'g'
Delete 2268
Delete 2269
Replace 2270, 'j'
Replace 2271, 'i'
Replace 2272, 'j'
Replace 2274, 's'
Replace 2275, 'd'
Replace 2276, 's'
Insert 2278, 'f'
Replace 2279, 'k'
Insert 2281, 'w'
Insert 2282, 'n'
Replace 2283, 'a'
Replace 2285, 'p'
Replace 2286, 't'
Replace 2287, 'j'
Replace 2288, 'a'
Replace 2289, 'b'
Replace 2290, 'b'
Replace 2292, 'g'
Delete 2294
Replace 2294, 'b'
Replace 2295, 'a'
Replace 2296, 'u'
Replace 2298, 'n'
Insert 2300, 'q'
Insert 2301, 'm'
Replace 2302, 'v'
Replace 2303, 't'
Replace 2304, 'g'
Replace 2305, 'n'
Insert 2307, 'c'
Replace 2308, 'e'
Replace 2309, 'f'
Replace 2310, 't'
Replace 2311, 'd'
Insert 2313, 'y'
Replace 2314, 'n'
Replace 2315, 'm'
Replace 2316, 'k'
Insert 2318, 'w'
Replace 2319, 'v'
Insert 2321, 'd'
Insert 2322, 'r'
Insert 2323, 'm'
Replace 2324, 'm'
Replace 2325, 'x'
Replace 2327, 'w'
Replace 2328, 'd'
Replace 2329, 'p'
Insert 2331, 'f'
Replace 2332, 'v'
Replace 2333, 'x'
Replace 2334, 'r'
Replace 2336, 'r'
Replace 2337, 'f'
Replace 2339, 'x'
Replace 2340, 'x'
Delete 2342
Replace 2344, 'g'
Replace 2345, 'f'
Replace 2346, 'l'
Replace 2347, 'z'
Replace 2348, 'k'
Replace 2349, 'k'
Replace 2350, 'h'
Replace 2351, 't'
Delete 2353
Replace 2354, 'd'
Replace 2355, 'i'
Replace 2356, 'g'
Replace 2357, 'd'
Replace 2359, 'q'
Replace 2363, 'z'
Replace 2364, 's'
Replace 2365, 'r'
Replace 2366, 'l'
Replace 2367, 'b'
Replace 2368, 'q'
Delete 2370
Replace 2370, 'd'
Replace 2372, 'k'
Replace 2373, 'f'
Replace 2374, 'g'
Replace 2375, 'n'
Replace 2376, 'u'
Replace 2378, 'q'
Replace 2379, 'l'
Replace 2380, 'k'
Replace 2381, 'a'
Replace 2382, 'v'
Replace 2383, 'k'
Replace 2384, 'd'
Replace 2386, 'd'
Replace 2387, 'w'
Replace 2388, 's'
Replace 2390, 'c'
Replace 2391, 'k'
Replace 2393, 's'
Replace 2394, 'c'
Replace 2395, 'u'
Replace 2396, 'd'
Replace 2397, 'b'
Replace 2400, 's'
Replace 2401, 'r'
Replace 2403, 'l'
Replace 2404, 'c'
Replace 2405, 'o'
Delete 2407
Replace 2408, 'o'
Replace 2409, 's'
Replace 2410, 'u'
Replace 2411, 'y'
Replace 2412, 'l'
Replace 2413, 'f'
Replace 2414, 'x'
Replace 2415, 'c'
Replace 2416, 'a'
Replace 2417, 'r'
Replace 2419, 'i'
Replace 2420, 'x'
Replace 2421, 'e'
Replace 2423, 'n'
Insert 2425, 'b'
Insert 2426, 's'
Replace 2427, 'b'
Insert 2429, 'l'
Insert 2430, 'c'
Insert 2431, 'b'
Replace 2432, 'z'
Replace 2433, 'd'
Replace 2435, 'q'
Replace 2436, 'y'
Replace 2437, 'p'
Replace 2438, 'h'
Delete 2440
Replace 2441, 'p'
Insert 2443, 'x'
Insert 2444, 'l'
Insert 2446, 'u'
Insert 2447, 'v'
Replace 2448, 's'
Replace 2450, 'y'
Replace 2451, 'n'
Replace 2452, 'd'
Replace 2453, 'f'
Replace 2455, 'q'
Replace 2456, 'c'
Insert 2458, 'p'
Replace 2459, 'w'
Replace 2460, 'y'
Replace 2461, 'v'
Replace 2463, 'm'
Replace 2464, 'g'
Replace 2465, 'i'
Replace 2467, 'h'
Insert 2469, 'd'
Insert 2470, 'q'
Replace 2471, 'w'
Replace 2472, 'z'
Replace 2473, 'w'
Replace 2474, 'd'
Replace 2475, 'h'
Replace 2476, 'n'
Replace 2477, 'g'
Insert 2480, 'w'
Replace 2481, 'n'
Replace 2482, 'u'
Insert 2484, 'v'
Insert 2485, 'v'
Replace 2486, 'l'
Replace 2487, 'h'
Replace 2488, 'x'
Replace 2489, 'y'
Replace 2490, 'x'
Replace 2492, 'r'
Replace 2493, 'q'
Replace 2494, 'e'
Replace 2495, 'w'
Replace 2496, 'h'
Replace 2498, 'u'
Replace 2499, 'h'
Replace 2501, 'r'
Replace 2502, 'e'
Replace 2504, 'y'
Replace 2505, 'c'
Insert 2507, 's'
Insert 2508, 'a'
Replace 2509, 'o'
Replace 2510, 'w'
Replace 2511, 'f'
Replace 2512, 'e'
Replace 2513, 'l'
Replace 2514, 'j'
Insert 2516, 'a'
Replace 2517, 'j'
Replace 2518, 'x'
Replace 2519, 'i'
Replace 2520, 'q'
Replace 2522, 'e'
Replace 2524, 'k'
Replace 2525, 'x'
Replace 2526, 'v'
Replace 2528, 'h'
Replace 2529, 'o'
Delete 2531
Delete 2532
Replace 2533, 'j'
Replace 2534, 'n'
Delete 2536
Replace 2537, 'l'
Delete 2539
Replace 2540, 'e'
Replace 2541, 'w'
Insert 2543, 'u'
Insert 2544, 'z'
Replace 2545, 'z'
Insert 2547, 'n'
Insert 2548, 'p'
Replace 2549, 'w'
Replace 2550, 'k'
Insert 2552, 'c'
Replace 2553, 'c'
Replace 2555, 'h'
Replace 2557, 'j'
Replace 2558, 'n'
Replace 2559, 'k'
Replace 2560, 'x'
Insert 2562, 'r'
Insert 2563, 'p'
Replace 2564, 't'
Replace 2565, 'u'
Insert 2567, 'q'
Replace 2568, 'x'
Replace 2569, 'g'
Replace 2570, 'p'
Replace 2572, 'c'
Replace 2573, 'h'
Delete 2575
Replace 2576, 'b'
Replace 2577, 'v'
Replace 2578, 'g'
Replace 2579, 'y'
Replace 2580, 't'
Replace 2581, 'z'
Insert 2583, 'z'
Insert 2584, 'u'
Replace 2585, 'g'
Replace 2586, 'y'
Replace 2588, 'y'
Replace 2589, 's'
Replace 2592, 'b'
Delete 2594
Delete 2595
Delete 2596
Delete 2597
Replace 2597, 't'
Replace 2598, 'f'
Replace 2600, 'e'
Replace 2601, 'z'
Replace 2603, 'u'
Replace 2607, 'n'
Replace 2608, 'q'
Replace 2609, 'h'
Delete 2611
Replace 2612, 't'
Replace 2613, 'c'
Replace 2614, 'd'
Delete 2616
Replace 2616, 'f'
Insert 2619, 'f'
Replace 2621, 'k'
Replace 2622, 'p'
Insert 2624, 'j'
Insert 2625, 't'
Replace 2626, 'm'
Replace 2627, 'f'
Replace 2628, 'g'
Replace 2629, 'f'
Replace 2631, 'n'
Delete 2633
Replace 2634, 't'
Replace 2636, 't'
Insert 2638, 'v'
Replace 2639, 'm'
Replace 2640, 'n'
Replace 2641, 'u'
Replace 2642, 'p'
Replace 2644, 'o'
Replace 2645, 'y'
Insert 2647, 'r'
Replace 2648, 's'
Insert 2650, 'd'
Insert 2651, 'b'
Replace 2652, 'y'
Replace 2653, 'x'
Replace 2654, 'h'
Replace 2656, 'k'
Replace 2657, 'u'
Replace 2658, 'q'
Replace 2659, 'u'
Replace 2660, 'n'
Replace 2661, 'g'
Delete 2663
Replace 2663, 'z'
Replace 2665, 'p'
Delete 2667
Replace 2667, 'q'
Replace 2668, 'n'
Replace 2670, 'u'
Replace 2671, 'p'
Delete 2673
Replace 2674, 'k'
Replace 2675, 'o'
Replace 2676, 'q'
Replace 2677, 'n'
Delete 2679
Replace 2679, 'l'
Delete 2681
Delete 2682
Replace 2683, 'u'
Delete 2685
Delete 2686
Replace 2686, 'p'
Replace 2689, 'a'
Insert 2691, 'x'
Replace 2692, 'p'
Replace 2693, 'o'
Replace 2695, 'o'
Replace 2696, 'u'
Replace 2697, 'r'
Replace 2698, 'f'
Delete 2700
Replace 2700, 'j'
Delete 2703
Replace 2704, 'n'
Replace 2705, 'v'
Delete 2707
Delete 2708
Delete 2709
Delete 2710
Replace 2711, 'p'
Replace 2712, 'm'
Replace 2713, 'm'
Replace 2714, 'f'
Replace 2715, 'q'
Replace 2717, 'e'
Replace 2718, 'j'
Insert 2720, 'g'
Insert 2721, 'r'
Replace 2722, 'p'
Replace 2723, 'w'
Replace 2724, 'f'
Replace 2725, 'i'
Replace 2726, 'b'
Replace 2727, 'w'
Replace 2728, 'e'
Replace 2730, 'q'
Replace 2731, 'x'
Replace 2732, 'w'
Replace 2733, 'k'
Replace 2734, 'h'
Replace 2736, 'q'
Replace 2737, 'c'
Replace 2738, 'f'
Replace 2739, 'q'
Replace 2740, 'j'
Replace 2742, 'v'
Delete 2744
Delete 2745
Delete 2746
Replace 2746, 'r'
Replace 2747, 'n'
Delete 2749
Delete 2750
Replace 2750, 'x'
Replace 2753, 'e'
Replace 2754, 'n'
Replace 2755, 'j'
Replace 2756, 'v'
Replace 2757, 'v'
Replace 2758, 'm'
Replace 2759, 'a'
Insert 2761, 'l'
Replace 2762, 'j'
Insert 2764, 'b'
Insert 2765, 'j'
Insert 2766, 'q'
Replace 2767, 't'
Insert 2769, 'p'
Replace 2770, 'c'
Replace 2771, 'j'
Replace 2772, 'a'
Replace 2774, 'l'
Replace 2775, 'u'
Replace 2776, 'j'
Insert 2778, 'c'
Insert 2779, 'u'
Replace 2780, 'p'
Replace 2782, 'h'
Replace 2783, 'u'
Replace 2785, 'a'
Delete 2787
Replace 2787, 'y'
Replace 2788, 'l'
Delete 2790
Delete 2791
Delete 2792
Replace 2792, 'o'
Delete 2794
Replace 2795, 'w'
Insert 2797, 'l'
Insert 2798, 'm'
Replace 2799, 'q'
Replace 2800, 'n'
Replace 2801, 'p'
Insert 2803, 'f'
Replace 2805, 'q'
Replace 2806, 'p'
Delete 2810
Delete 2811
Replace 2811, 'z'
Replace 2813, 'h'
Replace 2814, 'u'
Replace 2815, 'k'
Replace 2817, 'a'
Replace 2818, 'l'
Replace 2819, 'c'
Replace 2821, 'r'
Insert 2823, 'l'
Replace 2824, 'z'
Replace 2825, 't'
Replace 2826, 'c'
Replace 2827, 'z'
Replace 2828, 'e'
Replace 2829, 'h'
Replace 2830, 'w'
Replace 2831, 'z'
Replace 2832, 'r'
Replace 2833, 'g'
Replace 2835, 'k'
Replace 2836, 'q'
Delete 2838
Replace 2838, 'h'
Replace 2839, 'u'
Replace 2841, 'd'
Replace 2842, 'e'
Delete 2844
Delete 2845
Delete 2846
Replace 2846, 's'
Replace 2848, 'k'
Replace 2850, 'r'
Replace 2851, 'o'
Replace 2852, 'w'
Replace 2853, 'h'
Replace 2855, 'a'
Replace 2856, 'b'
Insert 2858, 'h'
Replace 2859, 'i'
Replace 2860, 'r'
Replace 2861, 'o'
Replace 2863, 'a'
Insert 2866, 'v'
Replace 2867, 'g'
Replace 2868, 'f'
Replace 2870, 'g'
Replace 2871, 'u'
Replace 2872, 'e'
Replace 2874, 'e'
Replace 2875, 'h'
Delete 2877
Replace 2878, 'z'
Replace 2879, 'z'
Insert 2881, 'n'
Insert 2882, 'm'
Replace 2883, 't'
Replace 2884, 'u'
Replace 2886, 'v'
Insert 2888, 'e'
Replace 2889, 'k'
Insert 2891, 'y'
Insert 2893, 'e'
Insert 2894, 'j'
Replace 2895, 'u'
Replace 2896, 'n'
Replace 2897, 'e'
Replace 2899, 'd'
Replace 2902, 'x'
Replace 2903, 'h'
Delete 2905
Replace 2906, 't'
Replace 2907, 'o'
Replace 2908, 'l'
Replace 2909, 'h'
Replace 2910, 'l'
Replace 2911, 'r'
Replace 2912, 'w'
Replace 2913, 's'
Replace 2914, 'a'
Insert 2916, 'f'
Insert 2918, 'j'
Insert 2919, 'i'
Replace 2920, 'k'
Replace 2921, 'z'
Replace 2923, 'm'
Replace 2924, 't'
Replace 2925, 'q'
Replace 2926, 'i'
Replace 2927, 'd'
Replace 2928, 'x'
Replace 2929, 'h'
Insert 2931, 'd'
Replace 2932, 'f'
Replace 2934, 'm'
Replace 2935, 'r'
Replace 2938, 'v'
Replace 2939, 'w'
Replace 2940, 'm'
Insert 2942, 'q'
Replace 2943, 'i'
Replace 2944, 'r'
Replace 2946, 'u'
Replace 2947, 'k'
Replace 2948, 'e'
Replace 2950, 'h'
Replace 2951, 'p'
Replace 2952, 'c'
Delete 2954
Delete 2955
Replace 2956, 'x'
Delete 2958
Replace 2959, 'p'
Replace 2960, 'j'
Replace 2961, 'd'
Replace 2962, 'l'
Replace 2963, 'q'
Replace 2964, 'n'
Replace 2965, 'w'
Replace 2968, 't'
Replace 2969, 'b'
Replace 2970, 'g'
Replace 2971, 'c'
Insert 2973, 'z'
Replace 2975, 'f'
Replace 2976, 't'
Replace 2977, 'h'
Replace 2978, 'y'
Delete 2980
Delete 2981
Replace 2981, 'k'
Replace 2982, 'r'
Replace 2984, 'n'
Delete 2986
Delete 2988
Delete 2989
Delete 2989
Replace 2989, 'w'
Delete 2992
Replace 2993, 'v'
Replace 2994, 'w'
Replace 2995, 'w'
Replace 2996, 'i'
Replace 2997, 'l'
Replace 2998, 't'
Replace 2999, 't'
Replace 3000, 'x'
Insert 3002, 'o'
Replace 3003, 'j'
Replace 3004, 's'
Replace 3005, 'p'
Replace 3006, 'f'
Replace 3007, 'i'
Replace 3009, 'k'
Insert 3011, 'v'
Replace 3012, 'x'
Replace 3013, 'h'
Replace 3014, 'g'
Replace 3015, 'w'
Replace 3017, 'l'
Replace 3018, 'v'
Replace 3020, 'j'
Delete 3022
Replace 3022, 'y'
Replace 3023, 'v'
Replace 3025, 'o'
Replace 3026, 'i'
Replace 3028, 'u'
Replace 3029, 'c'
Replace 3030, 'f'
Replace 3031, 'd'
Insert 3033, 'f'
Replace 3035, 'l'
Replace 3036, 'q'
Replace 3037, 'x'
Replace 3038, 'w'
Replace 3039, 'd'
Replace 3040, 'a'
Replace 3041, 'v'
Replace 3043, 'a'
Replace 3044, 's'
Replace 3046, 'u'
Replace 3047, 'q'
Replace 3048, 'm'
Replace 3049, 'o'
Replace 3050, 'z'
Replace 3051, 'x'
Replace 3052, 'n'
Replace 3053, 'h'
Replace 3054, 'l'
Insert 3056, 'c'
Replace 3057, 's'
Replace 3059, 'x'
Replace 3060, 'r'
Replace 3061, 'c'
Replace 3062, 'h'
Replace 3063, 'e'
Replace 3064, 'o'
Replace 3065, 'g'
Replace 3066, 'b'
Replace 3067, 'w'
Replace 3068, 'n'
Replace 3069, 'd'
Replace 3070, 'z'
Replace 3072, 'r'
Replace 3073, 'h'
Replace 3074, 's'
Replace 3075, 'l'
Replace 3076, 'v'
Replace 3077, 'c'
Replace 3079, 't'
Delete 3081
Delete 3082
Replace 3082, 's'
Replace 3084, 'k'
Replace 3086, 'j'
Replace 3088, 'm'
Replace 3089, 'o'
Replace 3090, 'x'
Replace 3091, 'v'
Replace 3092, 'f'
Replace 3093, 'f'
Replace 3094, 'e'
Replace 3096, 'i'
Delete 3098
Replace 3099, 'p'
Replace 3100, 'a'
Replace 3101, 'e'
Replace 3102, 'z'
Replace 3103, 'f'
Replace 3104, 'v'
Replace 3105, 'm'
Replace 3107, 'y'
Replace 3108, 'y'
Replace 3110, 's'
Delete 3112
Replace 3114, 'm'
Replace 3115, 'l'
Insert 3117, 'i'
Insert 3118, 'k'
Replace 3119, 'v'
Replace 3120, 'j'
Replace 3121, 'v'
Replace 3122, 'x'
Replace 3124, 'r'
Delete 3126
Delete 3127
Replace 3127, 'p'
Replace 3128, 'f'
Insert 3131, 'c'
Insert 3132, 'u'
Insert 3133, 'z'
Replace 3134, 'x'
Replace 3136, 'j'
Replace 3137, 'z'
Replace 3138, 'b'
Replace 3139, 'p'
Insert 3141, 'r'
Insert 3142, 'r'
Replace 3144, 'b'
Insert 3147, 'x'
Replace 3148, 'o'
Replace 3149, 'a'
Replace 3150, 'e'
Replace 3151, 'g'
Replace 3152, 'e'
Replace 3153, 'd'
Replace 3154, 'w'
Insert 3156, 'b'
Insert 3157, 'm'
Insert 3158, 'l'
Replace 3159, 's'
Replace 3162, 'z'
Replace 3163, 'v'
Replace 3164, 'r'
Replace 3165, 'k'
Insert 3167, 'q'
Insert 3168, 'n'
Replace 3169, 'b'
Replace 3171, 'l'
Replace 3172, 'y'
Replace 3173, 'd'
Replace 3175, 'l'
Replace 3176, 'f'
Replace 3177, 'i'
Replace 3178, 'a'
Replace 3179, 'c'
Replace 3180, 'u'
Replace 3181, 'b'
Replace 3182, 'r'
Insert 3185, 'h'
Replace 3186, 'q'
Replace 3187, 'r'
Replace 3188, 'z'
Replace 3189, 'j'
Replace 3191, 't'
Replace 3192, 'c'
Replace 3193, 'a'
Replace 3194, 'r'
Replace 3195, 'b'
Replace 3196, 'a'
Replace 3197, 'm'
Replace 3198, 'h'
Replace 3199, 'e'
Replace 3200, 'o'
Replace 3203, 't'
Replace 3204, 'j'
Replace 3205, 'y'
Replace 3206, 'z'
Delete 3208
Delete 3208
Replace 3208, 'o'
Replace 3209, 'z'
Replace 3211, 'p'
Replace 3212, 'b'
Replace 3213, 'a'
Replace 3214, 'd'
Replace 3215, 'a'
Insert 3218, 's'
Replace 3219, 'e'
Replace 3220, 'j'
Replace 3222, 's'
Replace 3223, 'o'
Replace 3225, 'e'
Replace 3226, 'b'
Replace 3227, 'd'
Replace 3228, 'b'
Delete 3230
Delete 3231
Replace 3231, 'n'
Delete 3233
Replace 3234, 'r'
Delete 3238
Delete 3239
Delete 3239
Delete 3241
Replace 3242, 'o'
Replace 3243, 'p'
Delete 3245
Replace 3245, 'x'
Replace 3246, 'm'
Replace 3247, 'b'
Replace 3248, 'f'
Replace 3249, 'y'
Replace 3251, 'n'
Replace 3252, 'm'
Replace 3253, 'w'
Replace 3254, 'o'
Replace 3256, 'u'
Replace 3257, 'n'
Replace 3258, 'h'
Replace 3259, 'g'
Replace 3260, 'j'
Replace 3261, 'e'
Insert 3263, 's'
Replace 3264, 'v'
Replace 3265, 'v'
Insert 3267, 'x'
Replace 3268, 'x'
Replace 3270, 'e'
Replace 3272, 'l'
Replace 3273, 'k'
Replace 3274, 'o'
Replace 3275, 'r'
Replace 3276, 'w'
Delete 3278
Replace 3278, 'w'
Replace 3281, 'q'
Replace 3283, 'i'
Replace 3284, 'a'
Insert 3286, 'n'
Replace 3287, 'r'
Replace 3288, 'k'
Replace 3289, 'n'
Replace 3291, 'm'
Replace 3292, 'y'
Delete 3294
Replace 3295, 'a'
Insert 3297, 'c'
Insert 3298, 'r'
Replace 3299, 'h'
Replace 3301, 'x'
Insert 3303, 't'
Replace 3304, 'z'
Replace 3305, 'v'
Replace 3307, 'x'
Replace 3308, 't'
Replace 3309, 'w'
Replace 3310, 'd'
Replace 3311, 'z'
Replace 3312, 'b'
Replace 3313, 'y'
Replace 3314, 'l'
Replace 3315, 'c'
Replace 3316, 'd'
Replace 3317, 'd'
Replace 3319, 'q'
Replace 3321, 'w'
Replace 3322, 'j'
Replace 3323, 'f'
Delete 3325
Replace 3325, 'm'
Delete 3327
Replace 3328, 'o'
Replace 3330, 'c'
Replace 3333, 'p'
Replace 3334, 'k'
Replace 3335, 's'
Replace 3336, 'h'
Replace 3337, 'z'
Replace 3339, 'o'
Replace 3340, 'u'
Replace 3341, 'g'
Replace 3342, 'm'
Replace 3343, 'v'
Replace 3344, 'f'
Replace 3345, 'r'
Replace 3346, 't'
Replace 3347, 'z'
Replace 3348, 'f'
Replace 3349, 'm'
Replace 3350, 'z'
Replace 3352, 't'
Replace 3354, 'q'
Replace 3355, 'd'
Insert 3357, 'h'
Insert 3358, 'a'
Insert 3359, 'p'
Replace 3361, 'e'
Replace 3362, 'z'
Replace 3363, 'p'
Replace 3365, 'u'
Replace 3366, 'j'
Replace 3367, 'o'
Replace 3368, 'u'
Replace 3369, 'h'
Replace 3370, 'p'
Replace 3371, 's'
Replace 3373, 'c'
Delete 3375
Delete 3376
Replace 3377, 'o'
Replace 3378, 'o'
Replace 3379, 'r'
Replace 3380, 'd'
Replace 3381, 'm'
Replace 3382, 'g'
Replace 3383, 'u'
Replace 3384, 'z'
Replace 3385, 'l'
Delete 3387
Delete 3388
Replace 3388, 'f'
Replace 3389, 'f'
Replace 3391, 'k'
Replace 3393, 'z'
Delete 3395
Replace 3395, 'r'
Replace 3397, 'x'
Replace 3398, 'j'
Replace 3399, 'o'
Replace 3400, 'i'
Delete 3402
Delete 3403
Delete 3404
Replace 3404, 'b'
Delete 3406
Delete 3407
Delete 3408
Replace 3408, 'm'
Replace 3409, 'z'
Replace 3410, 'm'
Replace 3411, 'v'
Replace 3412, 'b'
Replace 3414, 'x'
Replace 3415, 'g'
Delete 3417
Replace 3417, 'e'
Replace 3419, 'b'
Replace 3420, 'y'
Replace 3421, 'w'
Replace 3422, 'j'
Replace 3423, 'u'
Replace 3424, 'r'
Insert 3426, 'l'
Insert 3427, 'd'
Replace 3428, 'i'
Replace 3429, 'k'
Replace 3431, 'w'
Replace 3433, 'f'
Replace 3435, 'q'
Replace 3436, 'c'
Replace 3438, 'l'
Replace 3439, 'i'
Delete 3441
Replace 3441, 'd'
Replace 3443, 'j'
Replace 3444, 'k'
Replace 3446, 'u'
Replace 3448, 'a'
Replace 3449, 'h'
Replace 3451, 'i'
Replace 3452, 'b'
Replace 3453, 't'
Replace 3454, 'n'
Replace 3455, 's'
Replace 3456, 'f'
Insert 3458, 't'
Replace 3459, 'k'
Replace 3461, 'd'
Replace 3462, 'o'
Replace 3463, 'w'
Delete 3465
Delete 3466
Delete 3467
Delete 3467
Replace 3469, 'j'
Replace 3471, 't'
Replace 3472, 'p'
Replace 3473, 's'
Replace 3474, 'a'
Insert 3476, 'k'
Replace 3479, 'i'
Replace 3481, 'j'
Replace 3482, 'i'
Replace 3483, 'z'
Replace 3484, 'p'
Replace 3485, 'b'
Replace 3487, 'h'
Replace 3488, 'y'
Replace 3489, 'b'
Replace 3490, 'm'
Replace 3491, 'l'
Delete 3493
Delete 3493
Replace 3494, 'h'
Replace 3495, 'f'
Replace 3496, 'a'
Replace 3498, 'b'
Replace 3499, 'u'
Insert 3501, 'z'
Replace 3502, 'x'
Replace 3504, 'v'
Replace 3505, 'z'
Replace 3506, 'b'
Replace 3507, 'u'
Delete 3509
Delete 3510
Replace 3511, 'd'
Replace 3512, 'y'
Replace 3513, 's'
Delete 3515
Delete 3516
Delete 3517
Delete 3518
Replace 3519, 't'
Replace 3520, 't'
Replace 3522, 'f'
Replace 3523, 'l'
Replace 3524, 'v'
Replace 3525, 'h'
Replace 3527, 'p'
Replace 3529, 'd'
Replace 3530, 'a'
Replace 3531, 'q'
Replace 3532, 'z'
Replace 3533, 'n'
Replace 3534, 'c'
Insert 3536, 'y'
Replace 3537, 'p'
Replace 3538, 'j'
Replace 3539, 'd'
Replace 3541, 'l'
Replace 3542, 'e'
Insert 3544, 't'
Replace 3545, 'z'
Insert 3547, 'k'
Insert 3548, 'd'
Replace 3549, 'b'
Replace 3550, 'y'
Replace 3552, 'd'
Replace 3554, 'p'
Replace 3555, 'x'
Replace 3556, 'v'
Replace 3557, 's'
Replace 3558, 'b'
Replace 3560, 'l'
Replace 3562, 'w'
Replace 3563, 'l'
Delete 3565
Replace 3566, 'a'
Replace 3567, 'w'
Replace 3568, 'b'
Replace 3569, 'm'
Replace 3570, 'u'
Replace 3571, 's'
Replace 3572, 'c'
Replace 3574, 'w'
Replace 3575, 'k'
Replace 3576, 'l'
Replace 3578, 'c'
Replace 3581, 'm'
Insert 3583, 'n'
Insert 3584, 'b'
Insert 3585, 'y'
Replace 3586, 'a'
Replace 3587, 'x'
Insert 3589, 'a'
Replace 3590, 't'
Replace 3592, 'p'
Delete 3594
Replace 3594, 'd'
Replace 3595, 'n'
Replace 3596, 's'
Replace 3597, 'a'
Replace 3598, 'p'
Replace 3599, 'i'
Replace 3600, 'g'
Replace 3602, 's'
Insert 3604, 'y'
Replace 3605, 'q'
Replace 3606, 'c'
Replace 3607, 'p'
Replace 3608, 'x'
Replace 3609, 'o'
Replace 3610, 'w'
Replace 3611, 't'
Replace 3613, 'a'
Replace 3614, 'g'
Replace 3615, 'c'
Replace 3617, 'y'
Replace 3618, 'u'
Insert 3621, 'd'
Insert 3622, 'p'
Insert 3623, 's'
Insert 3624, 's'
Insert 3625, 'p'
Insert 3626, 'i'
Replace 3627, 'h'
Replace 3629, 's'
Replace 3630, 'h'
Delete 3632
Replace 3632, 'q'
Delete 3634
Replace 3635, 'u'
Replace 3637, 'h'
Replace 3639, 'h'
Replace 3641, 'x'
Replace 3642, 'z'
Replace 3644, 'q'
Replace 3646, 'i'
Replace 3647, 'f'
Replace 3648, 'z'
Replace 3649, 'e'
Replace 3650, 'y'
Replace 3651, 'v'
Replace 3652, 'e'
Replace 3653, 'h'
Replace 3655, 'v'
Insert 3657, 'a'
Replace 3658, 'f'
Insert 3660, 's'
Insert 3661, 's'
Replace 3662, 'q'
Replace 3664, 'e'
Replace 3665, 'e'
Replace 3666, 'r'
Replace 3668, 'l'
Replace 3669, 't'
Replace 3670, 'r'
Replace 3671, 'k'
Replace 3672, 'z'
Replace 3673, 'c'
Replace 3674, 'q'
Insert 3676, 'r'
Replace 3677, 'w'
Replace 3679, 'h'
Delete 3681
Delete 3682
Delete 3683
Replace 3683, 'e'
Replace 3684, 'f'
Replace 3686, 'z'
Replace 3687, 'd'
Replace 3688, 'g'
Replace 3689, 'x'
Replace 3690, 'g'
Replace 3691, 'q'
Replace 3692, 'h'
Insert 3694, 'k'
Replace 3695, 'a'
Replace 3696, 't'
Replace 3697, 'b'
Replace 3698, 'k'
Replace 3700, 'v'
Replace 3701, 'r'
Replace 3703, 'p'
Replace 3704, 'w'
Delete 3706
Replace 3707, 'o'
Replace 3709, 't'
Delete 3711
Replace 3712, 'q'
Replace 3713, 'j'
Replace 3715, 'h'
Insert 3717, 's'
Replace 3718, 'j'
Replace 3719, 'd'
Replace 3720, 'y'
Replace 3721, 'e'
Replace 3722, 't'
Insert 3724, 'o'
Replace 3725, 'b'
Replace 3726, 'j'
Replace 3727, 'z'
Replace 3728, 'k'
Replace 3729, 'b'
Replace 3731, 'h'
Replace 3732, 't'
Replace 3733, 'v'
Replace 3735, 'r'
Replace 3737, 'e'
Insert 3739, 'v'
Replace 3744, 'r'
Replace 3745, 'g'
Replace 3746, 'd'
Insert 3748, 'p'
Replace 3749, 'n'
Replace 3750, 'v'
Replace 3751, 'p'
Replace 3753, 'e'
Insert 3756, 'j'
Replace 3757, 'r'
Insert 3759, 'w'
Insert 3760, 'd'
Insert 3761, 'u'
Replace 3762, 'q'
Replace 3763, 'x'
Replace 3764, 'm'
Replace 3765, 'z'
Replace 3766, 'u'
Replace 3767, 'g'
Replace 3769, 'c'
Replace 3770, 'd'
Replace 3771, 's'
Replace 3772, 'd'
Replace 3773, 'z'
Delete 3775
Delete 3776
Delete 3777
Replace 3778, 'z'
Insert 3780, 't'
Insert 3781, 'p'
Replace 3783, 'f'
Replace 3784, 'a'
Replace 3785, 'w'
Replace 3786, 'v'
Insert 3788, 'c'
Replace 3789, 'h'
Replace 3790, 'i'
Replace 3791, 'y'
Replace 3792, 'j'
Replace 3793, 't'
Replace 3794, 'z'
Insert 3796, 'b'
Insert 3797, 'w'
Insert 3798, 'u'
Replace 3799, 'o'
Replace 3800, 'e'
Replace 3801, 'l'
Replace 3802, 'f'
Replace 3804, 'j'
Replace 3805, 'h'
Replace 3806, 'o'
Insert 3808, 'v'
Insert 3809, 'p'
Insert 3810, 'v'
Insert 3811, 'm'
Replace 3812, 't'
Insert 3814, 'n'
Insert 3816, 'g'
Replace 3817, 'e'
Replace 3818, 's'
Replace 3820, 'c'
Replace 3822, 's'
Replace 3823, 'a'
Replace 3825, 'w'
Insert 3827, 'q'
Insert 3828, 'x'
Insert 3829, 'x'
Replace 3830, 'd'
Replace 3831, 'a'
Insert 3833, 'z'
Insert 3834, 'g'
Insert 3835, 'c'
Insert 3836, 'h'
Delete 3839
Replace 3839, 'd'
Insert 3842, 'f'
Replace 3843, 'u'
Replace 3844, 'g'
Replace 3845, 'h'
Replace 3846, 'a'
Replace 3847, 'x'
Replace 3848, 'z'
Replace 3849, 'n'
Replace 3853, 'n'
Replace 3855, 'y'
Replace 3856, 'p'
Replace 3857, 's'
Replace 3858, 'l'
Replace 3859, 'l'
Replace 3860, 'd'
Insert 3862, 'f'
Replace 3863, 'o'
Insert 3865, 't'
Replace 3866, 'j'
Replace 3867, 'z'
Replace 3868, 'f'
Replace 3869, 'x'
Replace 3870, 'z'
Replace 3872, 'i'
Replace 3873, 'a'
Replace 3874, 't'
Replace 3875, 'a'
Replace 3877, 'd'
Replace 3878, 's'
Replace 3880, 't'
Replace 3881, 'd'
Replace 3882, 't'
Replace 3883, 'u'
Delete 3885
Delete 3886
Delete 3887
Delete 3888
Replace 3890, 'o'
Replace 3891, 'r'
Replace 3892, 'y'
Delete 3894
Replace 3894, 'd'
Replace 3895, 'q'
Delete 3897
Replace 3897, 'g'
Delete 3899
Replace 3899, 'n'
Replace 3901, 'f'
Replace 3903, 't'
Replace 3905, 'y'
Replace 3906, 'z'
Replace 3907, 'h'
Replace 3908, 'u'
Replace 3909, 'j'
Replace 3911, 'd'
Insert 3913, 'v'
Replace 3914, 'i'
Replace 3915, 'g'
Replace 3916, 'f'
Delete 3919
Replace 3919, 'e'
Delete 3921
Delete 3922
Replace 3923, 's'
Replace 3924, 'g'
Replace 3925, 'g'
Replace 3926, 'd'
Replace 3927, 'r'
Replace 3928, 'k'
Replace 3929, 'v'
Replace 3931, 'b'
Insert 3933, 'o'
Insert 3934, 'a'
Replace 3936, 'm'
Delete 3938
Insert 3940, 'v'
Replace 3941, 'h'
Replace 3942, 'l'
Replace 3943, 't'
Replace 3944, 'w'
Replace 3945, 'm'
Replace 3947, 'a'
Replace 3948, 'v'
Replace 3949, 'y'
Insert 3951, 'r'
Insert 3953, 'p'
Replace 3954, 'g'
Replace 3955, 'i'
Replace 3957, 'w'
Replace 3958, 'r'
Replace 3959, 'l'
Replace 3960, 'z'
Replace 3961, 'i'
Replace 3962, 't'
Replace 3963, 'x'
Replace 3964, 'r'
Replace 3967, 'v'
Replace 3968, 'x'
Replace 3969, 'a'
Replace 3970, 'x'
Replace 3971, 'y'
Replace 3973, 'n'
Replace 3974, 'u'
Delete 3976
Replace 3976, 'i'
Replace 3977, 'g'
Replace 3978, 'r'
Replace 3979, 'y'
Replace 3980, 'y'
Replace 3981, 'r'
Replace 3982, 'e'
Delete 3984
Replace 3984, 'b'
Replace 3985, 'r'
Replace 3986, 'h'
Replace 3987, 'x'
Replace 3988, 'k'
Replace 3989, 'r'
Replace 3990, 'q'
Replace 3992, 's'
Delete 3994
Delete 3995
Delete 3996
Replace 3997, 'b'
Replace 3998, 'r'
Replace 3999, 't'
Delete 4001
Insert 4003, 'k'
Insert 4004, 'u'
Replace 4005, 'u'
Replace 4006, 'y'
Replace 4007, 'r'
Replace 4009, 'c'
Replace 4010, 'j'
Replace 4011, 'o'
Replace 4012, 'l'
Replace 4013, 'f'
Replace 4014, 's'
Replace 4016, 'u'
Replace 4017, 'p'
Replace 4019, 'z'
Replace 4020, 'r'
Replace 4022, 'x'
Replace 4023, 'l'
Replace 4024, 'c'
Replace 4025, 'v'
Replace 4026, 'j'
Replace 4027, 'l'
Replace 4028, 'i'
Replace 4029, 'h'
Replace 4030, 'w'
Replace 4031, 'e'
Replace 4032, 'z'
Replace 4033, 'n'
Replace 4034, 'm'
Replace 4035, 'd'
Replace 4037, 'j'
Replace 4038, 'z'
Delete 4040
Replace 4040, 'p'
Replace 4041, 'l'
Replace 4043, 'g'
Replace 4044, 'x'
Replace 4045, 'w'
Replace 4046, 'q'
Replace 4047, 'o'
Replace 4049, 'o'
Replace 4050, 'w'
Insert 4052, 'p'
Replace 4054, 'u'
Replace 4056, 'k'
Replace 4057, 'l'
Replace 4058, 'a'
Replace 4059, 'y'
Replace 4061, 'r'
Insert 4063, 'w'
Replace 4064, 'i'
Replace 4065, 'y'
Replace 4066, 'k'
Insert 4068, 's'
Replace 4069, 'h'
Replace 4070, 'i'
Replace 4071, 'r'
Replace 4072, 'u'
Replace 4073, 'r'
Replace 4074, 'k'
Replace 4076, 'z'
Delete 4078
Replace 4079, 's'
Replace 4080, 'f'
Replace 4081, 'y'
Insert 4083, 'k'
Replace 4085, 'j'
Replace 4086, 'm'
Replace 4088, 'v'
Replace 4089, 'w'
Delete 4091
Replace 4091, 'j'
Delete 4093
Replace 4094, 'u'
Replace 4096, 'r'
Replace 4097, 'q'
Insert 4099, 'r'
Insert 4100, 'f'
Replace 4101, 'o'
Replace 4103, 'w'
Replace 4104, 'l'
Replace 4105, 'x'
Replace 4107, 'k'
Insert 4109, 'b'
Replace 4110, 'p'
Replace 4111, 'x'
Replace 4112, 'i'
Replace 4114, 'z'
Replace 4115, 'w'
Replace 4117, 'f'
Replace 4119, 'e'
Replace 4120, 'm'
Replace 4121, 'w'
Replace 4122, 'c'
Replace 4123, 'q'
Replace 4124, 'a'
Replace 4126, 'y'
Replace 4127, 'k'
Replace 4128, 'l'
Replace 4130, 'y'
Delete 4132
Replace 4132, 'v'
Replace 4133, 'o'
Replace 4134, 'd'
Replace 4136, 'y'
Replace 4138, 'e'
Insert 4140, 'g'
Insert 4141, 'j'
Insert 4142, 'i'
Insert 4143, 'v'
Replace 4145, 'p'
Replace 4146, 'r'
Replace 4148, 's'
Replace 4149, 'l'
Replace 4150, 'd'
Replace 4151, 'r'
Replace 4152, 'q'
Replace 4153, 'k'
Replace 4155, 'f'
Insert 4157, 'l'
Replace 4158, 'y'
Replace 4159, 'q'
Replace 4160, 'f'
Replace 4162, 'u'
Replace 4163, 'x'
Replace 4165, 'j'
Replace 4166, 'h'
Replace 4167, 'b'
Replace 4169, 'y'
Replace 4171, 'q'
Replace 4173, 'b'
Replace 4175, 'g'
Replace 4176, 'g'
Replace 4178, 'r'
Replace 4179, 'v'
Replace 4181, 'z'
Replace 4182, 's'
Replace 4184, 'm'
Replace 4186, 'e'
Replace 4187, 'w'
Insert 4189, 'w'
Replace 4190, 'a'
Insert 4192, 'f'
Insert 4193, 'c'
Insert 4194, 'z'
Replace 4195, 'r'
Insert 4197, 'h'
Replace 4198, 'n'
Replace 4199, 'a'
Replace 4200, 'j'
Replace 4202, 'm'
Replace 4203, 'z'
Delete 4205
Replace 4205, 'b'
Delete 4207
Replace 4208, 'v'
Replace 4210, 'a'
Insert 4212, 'c'
Insert 4214, 'w'
Replace 4215, 'z'
Replace 4216, 'd'
Replace 4217, 'n'
Replace 4218, 'c'
Replace 4219, 'h'
Replace 4220, 'z'
Replace 4221, 'a'
Insert 4223, 'x'
Replace 4225, 'x'
Replace 4226, 'y'
Replace 4227, 'f'
Replace 4229, 'm'
Replace 4230, 'n'
Replace 4231, 's'
Replace 4233, 'i'
Insert 4235, 'z'
Insert 4236, 'u'
Insert 4237, 'i'
Insert 4238, 'l'
Insert 4239, 'f'
Insert 4240, 'r'
Replace 4243, 'n'
Replace 4244, 'l'
Insert 4246, 'r'
Replace 4247, 'y'
Replace 4248, 'm'
Replace 4249, 'm'
Replace 4250, 'k'
Replace 4252, 't'
Replace 4253, 'w'
Replace 4254, 'y'
Replace 4255, 'o'
Replace 4257, 'c'
Replace 4259, 't'
Insert 4261, 'q'
Replace 4262, 'k'
Replace 4263, 'z'
Replace 4265, 'w'
Replace 4266, 'g'
Replace 4267, 'f'
Insert 4269, 'l'
Replace 4270, 'e'
Replace 4273, 'y'
Replace 4274, 'a'
Replace 4276, 'p'
Replace 4277, 'd'
Delete 4279
Replace 4279, 'q'
Replace 4280, 'v'
Replace 4281, 'd'
Replace 4282, 'g'
Replace 4283, 'h'
Replace 4284, 'l'
Replace 4286, 'g'
Replace 4287, 'z'
Replace 4288, 'j'
Replace 4290, 'd'
Replace 4291, 'j'
Replace 4292, 'j'
Replace 4293, 'd'
Replace 4294, 'z'
Insert 4296, 'w'
Replace 4297, 'u'
Replace 4298, 'w'
Replace 4300, 'u'
Replace 4302, 's'
Replace 4303, 'k'
Replace 4304, 'z'
Replace 4305, 'y'
Replace 4307, 'j'
Replace 4309, 'o'
Replace 4310, 'w'
Replace 4311, 'v'
Replace 4313, 'n'
Replace 4314, 'i'
Replace 4315, 'p'
Replace 4316, 'd'
Replace 4317, 'l'
Replace 4318, 'p'

